2024-08-23 15:47:08,551 - __main__ - MainThread - INFO - Parameters have been read ({'optimizer': 'adam', 'epochs': 1, 'batch_size': 32}).
2024-08-23 15:47:08,616 - __main__ - MainThread - INFO - Dataset has been loaded (/mlcube_io0/mnist.npz).
2024-08-23 15:47:09,789 - __main__ - MainThread - INFO - Model has been evaluated.
2024-08-23 15:47:24,111 - __main__ - MainThread - INFO - Parameters have been read ({'optimizer': 'adam', 'epochs': 1, 'batch_size': 32}).
2024-08-23 15:47:24,158 - __main__ - MainThread - INFO - Dataset has been loaded (/mlcube_io0/mnist.npz).
2024-08-23 15:47:25,190 - __main__ - MainThread - INFO - Model has been evaluated.
2024-08-23 15:47:39,334 - __main__ - MainThread - INFO - Parameters have been read ({'optimizer': 'adam', 'epochs': 1, 'batch_size': 32}).
2024-08-23 15:47:39,392 - __main__ - MainThread - INFO - Dataset has been loaded (/mlcube_io0/mnist.npz).
2024-08-23 15:47:40,436 - __main__ - MainThread - INFO - Model has been evaluated.
2024-08-23 15:58:22,349 - __main__ - MainThread - INFO - Parameters have been read ({'optimizer': 'adam', 'epochs': 1, 'batch_size': 32}).
2024-08-23 15:58:22,402 - __main__ - MainThread - INFO - Dataset has been loaded (/mlcube_io0/mnist.npz).
2024-08-23 15:58:23,570 - __main__ - MainThread - INFO - Model has been evaluated.
2024-08-23 15:59:31,249 - __main__ - MainThread - INFO - Parameters have been read ({'optimizer': 'adam', 'epochs': 1, 'batch_size': 32}).
2024-08-23 15:59:31,301 - __main__ - MainThread - INFO - Dataset has been loaded (/mlcube_io0/mnist.npz).
2024-08-23 15:59:32,492 - __main__ - MainThread - INFO - Model has been evaluated.
2024-08-23 16:08:23,823 - __main__ - MainThread - INFO - Parameters have been read ({'optimizer': 'adam', 'epochs': 1, 'batch_size': 32}).
2024-08-23 16:08:23,862 - __main__ - MainThread - INFO - Dataset has been loaded (/mlcube_io0/mnist.npz).
2024-08-23 16:08:24,520 - __main__ - MainThread - INFO - Model has been evaluated.
2024-08-23 16:10:17,240 - __main__ - MainThread - INFO - Parameters have been read ({'optimizer': 'adam', 'epochs': 1, 'batch_size': 32}).
2024-08-23 16:10:17,283 - __main__ - MainThread - INFO - Dataset has been loaded (/mlcube_io0/mnist.npz).
2024-08-23 16:10:17,948 - __main__ - MainThread - INFO - Model has been evaluated.
2024-08-23 16:13:13,920 - __main__ - MainThread - INFO - Parameters have been read ({'optimizer': 'adam', 'epochs': 1, 'batch_size': 32}).
2024-08-23 16:13:13,960 - __main__ - MainThread - INFO - Dataset has been loaded (/mlcube_io0/mnist.npz).
2024-08-23 16:13:14,613 - __main__ - MainThread - INFO - Model has been evaluated.
2024-08-23 16:15:42,343 - __main__ - MainThread - INFO - Parameters have been read ({'optimizer': 'adam', 'epochs': 1, 'batch_size': 32}).
2024-08-23 16:15:42,387 - __main__ - MainThread - INFO - Dataset has been loaded (/mlcube_io0/mnist.npz).
2024-08-23 16:15:43,141 - __main__ - MainThread - INFO - Model has been evaluated.
2024-08-23 16:34:16,722 - __main__ - MainThread - INFO - Parameters have been read ({'optimizer': 'adam', 'epochs': 1, 'batch_size': 32}).
2024-08-23 16:34:16,763 - __main__ - MainThread - INFO - Dataset has been loaded (/mlcube_io0/mnist.npz).
2024-08-23 16:34:17,412 - __main__ - MainThread - INFO - Model has been evaluated.
2024-08-23 16:35:53,652 - __main__ - MainThread - INFO - Parameters have been read ({'optimizer': 'adam', 'epochs': 1, 'batch_size': 32}).
2024-08-23 16:35:53,693 - __main__ - MainThread - INFO - Dataset has been loaded (/mlcube_io0/mnist.npz).
2024-08-23 16:35:54,361 - __main__ - MainThread - INFO - Model has been evaluated.
2024-08-23 16:38:48,912 - __main__ - MainThread - INFO - Parameters have been read ({'optimizer': 'adam', 'epochs': 1, 'batch_size': 32}).
2024-08-23 16:38:48,953 - __main__ - MainThread - INFO - Dataset has been loaded (/mlcube_io0/mnist.npz).
2024-08-23 16:38:49,624 - __main__ - MainThread - INFO - Model has been evaluated.
2024-08-23 16:39:49,444 - __main__ - MainThread - INFO - Parameters have been read ({'optimizer': 'adam', 'epochs': 1, 'batch_size': 32}).
2024-08-23 16:39:49,486 - __main__ - MainThread - INFO - Dataset has been loaded (/mlcube_io0/mnist.npz).
2024-08-23 16:39:50,139 - __main__ - MainThread - INFO - Model has been evaluated.
2024-08-23 16:42:04,352 - __main__ - MainThread - INFO - Parameters have been read ({'optimizer': 'adam', 'epochs': 1, 'batch_size': 32}).
2024-08-23 16:42:04,406 - __main__ - MainThread - INFO - Dataset has been loaded (/mlcube_io0/mnist.npz).
2024-08-23 16:42:05,200 - __main__ - MainThread - INFO - Model has been evaluated.
2024-08-23 16:53:42,656 - __main__ - MainThread - INFO - Parameters have been read ({'optimizer': 'adam', 'epochs': 1, 'batch_size': 32}).
2024-08-23 16:53:42,696 - __main__ - MainThread - INFO - Dataset has been loaded (/mlcube_io0/mnist.npz).
2024-08-23 16:53:43,350 - __main__ - MainThread - INFO - Model has been evaluated.
2024-08-23 16:54:29,622 - __main__ - MainThread - INFO - Parameters have been read ({'optimizer': 'adam', 'epochs': 1, 'batch_size': 32}).
2024-08-23 16:54:29,664 - __main__ - MainThread - INFO - Dataset has been loaded (/mlcube_io0/mnist.npz).
2024-08-23 16:54:30,399 - __main__ - MainThread - INFO - Model has been evaluated.
2024-08-23 16:56:10,714 - __main__ - MainThread - INFO - Parameters have been read ({'optimizer': 'adam', 'epochs': 1, 'batch_size': 32}).
2024-08-23 16:56:10,769 - __main__ - MainThread - INFO - Dataset has been loaded (/mlcube_io0/mnist.npz).
2024-08-23 16:56:11,986 - __main__ - MainThread - INFO - Model has been evaluated.
2024-08-23 16:57:18,129 - __main__ - MainThread - INFO - Parameters have been read ({'optimizer': 'adam', 'epochs': 1, 'batch_size': 32}).
2024-08-23 16:57:18,188 - __main__ - MainThread - INFO - Dataset has been loaded (/mlcube_io0/mnist.npz).
2024-08-23 16:57:19,437 - __main__ - MainThread - INFO - Model has been evaluated.
2024-09-03 11:58:05,874 - dev.mnist - MainThread - INFO - Parameters have been read ({'optimizer': 'adam', 'epochs': 10, 'batch_size': 32}).
2024-09-03 11:58:07,328 - dev.mnist - MainThread - INFO - Dataset has been loaded (%s).
2024-09-03 11:58:07,408 - absl - MainThread - WARNING - Skipping variable loading for optimizer 'Adam', because it has 9 variables whereas the saved optimizer has 1 variables. 
2024-09-03 11:58:08,088 - dev.mnist - MainThread - INFO - Model has been evaluated.
2024-09-03 11:58:08,772 - tb_connection - MainThread - WARNING - Waiting for connection to be established before sending data to ThingsBoard!
2024-09-03 11:58:08,879 - tb_connection - Thread-8 (_thread_main) - INFO - MQTT client <paho.mqtt.client.Client object at 0x7fd5509d6cb0> - Connected!
2024-09-03 11:58:08,889 - tb_connection - Thread-8 (_thread_main) - WARNING - MQTT client was disconnected with reason code 7 (The connection was lost.) 
2024-09-03 11:58:08,891 - tb_connection - MainThread - WARNING - Waiting for connection to be established before sending data to ThingsBoard!
2024-09-03 11:58:11,044 - tb_connection - Thread-8 (_thread_main) - INFO - MQTT client <paho.mqtt.client.Client object at 0x7fd5509d6cb0> - Connected!
2024-09-03 11:58:11,100 - tb_connection - Thread-8 (_thread_main) - WARNING - MQTT client was disconnected with reason code 0 (The operation completed successfully.) 
2024-09-03 11:58:11,102 - flwr - MainThread - INFO - Sent reply
2024-09-03 11:58:11,124 - flwr - MainThread - INFO - 
2024-09-03 11:58:11,124 - flwr - MainThread - INFO - Received: reconnect message 670e24f5-422d-4347-b177-2b2358636c49
2024-09-03 11:58:11,185 - flwr - MainThread - INFO - Disconnect and shut down
2024-09-05 23:55:15,686 - dev.mnist - MainThread - INFO - Parameters have been read ({'optimizer': 'adam', 'epochs': 10, 'batch_size': 32}).
2024-09-05 23:55:17,216 - dev.mnist - MainThread - INFO - Dataset has been loaded (%s).
2024-09-05 23:55:17,262 - absl - MainThread - WARNING - Skipping variable loading for optimizer 'Adam', because it has 9 variables whereas the saved optimizer has 1 variables. 
2024-09-05 23:55:17,964 - dev.mnist - MainThread - INFO - Model has been evaluated.
2024-09-05 23:55:18,564 - tb_connection - MainThread - WARNING - Waiting for connection to be established before sending data to ThingsBoard!
2024-09-05 23:55:18,661 - tb_connection - Thread-8 (_thread_main) - INFO - MQTT client <paho.mqtt.client.Client object at 0x7f3f46e032e0> - Connected!
2024-09-05 23:55:18,706 - tb_connection - Thread-8 (_thread_main) - WARNING - MQTT client was disconnected with reason code 0 (The operation completed successfully.) 
2024-09-05 23:55:18,708 - flwr - MainThread - INFO - Sent reply
2024-09-05 23:55:19,831 - flwr - MainThread - INFO - 
2024-09-05 23:55:19,832 - flwr - MainThread - INFO - Received: reconnect message 7e4e277c-978d-482c-b448-e017ff14f026
2024-09-05 23:55:19,869 - flwr - MainThread - INFO - Disconnect and shut down
