2024-08-28 13:00:33,595 - dev.mnist - MainThread - INFO - Parameters have been read (/home/sunlab/flower/quickstart-mlcube/workspaces/7/parameters/default.parameters.yaml).
2024-08-28 13:00:33,595 - logging_configuration - MainThread - INFO - Parameters for initial model {'optimizer': 'adam', 'epochs': 1, 'batch_size': 32}
2024-08-28 13:00:33,825 - dev.mnist - MainThread - INFO - Dataset has been loaded (/home/sunlab/flower/quickstart-mlcube/workspaces/7/data/mnist.npz).
2024-08-28 13:00:33,825 - logging_configuration - MainThread - INFO - Dataset ready
2024-08-28 13:00:33,909 - logging_configuration - MainThread - INFO - Model loaded from directory 
2024-08-28 13:00:33,909 - dev.mnist - MainThread - INFO - Model has been built.
2024-08-28 13:00:33,912 - dev.mnist - MainThread - INFO - Model has been compiled.
2024-08-28 13:00:33,912 - logging_configuration - MainThread - INFO - Model has been compiled.
2024-08-28 13:00:36,321 - dev.mnist - MainThread - INFO - Model has been trained.
2024-08-28 13:00:36,321 - logging_configuration - MainThread - INFO - Model has been trained.
2024-08-28 13:00:36,321 - logging_configuration - MainThread - INFO - Created metrics directory for saving loss and accuracy
2024-08-28 13:00:36,322 - logging_configuration - MainThread - INFO - After training round 1 {'loss': '0.2956849932670593', 'accuracy': '0.9140499830245972'}
2024-08-28 13:00:36,532 - dev.mnist - MainThread - INFO - Model has been saved.
2024-08-28 13:00:36,533 - logging_configuration - MainThread - INFO - Model has been saved
2024-08-28 13:00:36,534 - logging_configuration - MainThread - INFO - Training done
2024-08-28 13:00:36,626 - logging_configuration - MainThread - INFO - Getting parameters from model saved in /model after training
2024-08-28 13:00:36,627 - logging_configuration - MainThread - INFO - Parameters after training from the model saved in /model [array([[-0.00429945,  0.03718616,  0.07747044, ...,  0.06264467,
         0.03499427,  0.04883986],
       [ 0.01087835, -0.07549069,  0.04462484, ...,  0.04485322,
         0.00607925, -0.02485232],
       [ 0.06463061,  0.01542297,  0.07942718, ...,  0.05694843,
        -0.01562328,  0.0579802 ],
       ...,
       [-0.04197332, -0.01332952, -0.02758661, ...,  0.01994313,
         0.05854619,  0.08107527],
       [ 0.06264428,  0.0751876 ,  0.02416293, ..., -0.04636437,
         0.05583601,  0.04870933],
       [-0.08102257,  0.08107712, -0.07703151, ...,  0.06882105,
         0.07578892, -0.03447481]], dtype=float32), array([ 0.08268531,  0.05454462,  0.06910101,  0.02343609,  0.01224455,
        0.09565071,  0.02492162,  0.0300837 , -0.01321757,  0.12670316,
        0.0277244 ,  0.05110873, -0.09759989,  0.03900955,  0.08240167,
       -0.01679581,  0.03328661, -0.06716277,  0.08899491, -0.01274289,
       -0.02943446, -0.12801482, -0.042732  ,  0.00736775, -0.05764701,
        0.06682876,  0.02454529,  0.11387504,  0.08438276,  0.02318484,
       -0.04344363,  0.04382879, -0.01642541, -0.06142917,  0.07451221,
        0.03427419, -0.00348521,  0.0364534 ,  0.03289641,  0.03887798,
        0.07929938, -0.0144703 ,  0.08123802,  0.03770002,  0.05844943,
        0.02838159,  0.08970173,  0.04737007, -0.02607001, -0.02688384,
        0.01041397, -0.10431889,  0.03614007, -0.02880372,  0.07385433,
        0.02666732, -0.01581638,  0.07884225, -0.07756447, -0.06257767,
        0.10906856,  0.03589936,  0.06476049,  0.00892451,  0.10419413,
       -0.05978163, -0.05755613,  0.01638568,  0.01798833,  0.10156663,
        0.04572248, -0.00545592,  0.02069742,  0.06707164,  0.06501415,
        0.07586554, -0.03363375,  0.088584  ,  0.06525294, -0.04324073,
        0.03219875, -0.00823258,  0.05017558, -0.09940287,  0.05279382,
        0.01203623,  0.0389335 ,  0.0276558 ,  0.06058903,  0.04461937,
        0.04311308,  0.06816255,  0.05392573,  0.01447374,  0.05860318,
       -0.03159864, -0.03507768,  0.04195786,  0.0097438 ,  0.03058176,
        0.02069861, -0.00965265,  0.09151544,  0.03474814,  0.02169819,
       -0.06064055, -0.00946415, -0.07969077,  0.12756424,  0.0034566 ,
        0.05641693,  0.00216979, -0.0790218 ,  0.04111646,  0.06419437,
        0.03510366, -0.06721845,  0.08551233, -0.04368418,  0.00653272,
       -0.04410502, -0.1284177 , -0.02469115, -0.02234058, -0.00605102,
       -0.02459248,  0.02827417, -0.07740197], dtype=float32), array([[-0.01607324, -0.235393  ,  0.03268771, ...,  0.31107205,
        -0.15880102, -0.27719155],
       [ 0.12311316, -0.29165065,  0.07776248, ...,  0.18692765,
        -0.063313  , -0.19103235],
       [-0.18393728,  0.09024853,  0.23948623, ...,  0.38037258,
        -0.36851543, -0.39006227],
       ...,
       [-0.3868671 , -0.12708236, -0.2814004 , ..., -0.14981821,
         0.12889159,  0.13428131],
       [-0.12804216, -0.35392687, -0.5071074 , ..., -0.09025729,
        -0.16787456,  0.12153512],
       [-0.20972617, -0.10795048, -0.18749808, ..., -0.09153678,
         0.05498118,  0.18768382]], dtype=float32), array([-0.04198075,  0.04867329, -0.024496  , -0.06160334,  0.03609398,
        0.04475501, -0.04463083,  0.05469615, -0.03274595,  0.01768355],
      dtype=float32)]
2024-08-28 13:00:36,628 - logging_configuration - MainThread - INFO - Loading metrics from json file saved after training
2024-08-28 13:00:36,628 - logging_configuration - MainThread - INFO - Config after training {'loss': 0.2956849932670593, 'accuracy': 0.9140499830245972, 'num_examples': 1}
2024-08-28 13:00:36,628 - flwr - MainThread - INFO - Sent reply
2024-08-28 13:00:36,633 - flwr - MainThread - INFO - 
2024-08-28 13:00:36,633 - flwr - MainThread - INFO - Received: evaluate message e5c2d167-4d8f-41fd-ba20-e2d11e21722c
2024-08-28 13:00:36,635 - logging_configuration - MainThread - INFO - Parameters shared by server for evaluate [array([[-0.00429945,  0.03718616,  0.07747044, ...,  0.06264467,
         0.03499427,  0.04883986],
       [ 0.01087835, -0.07549069,  0.04462484, ...,  0.04485322,
         0.00607925, -0.02485232],
       [ 0.06463061,  0.01542297,  0.07942718, ...,  0.05694843,
        -0.01562328,  0.0579802 ],
       ...,
       [-0.04197332, -0.01332952, -0.02758661, ...,  0.01994313,
         0.05854619,  0.08107527],
       [ 0.06264428,  0.0751876 ,  0.02416293, ..., -0.04636437,
         0.05583601,  0.04870933],
       [-0.08102257,  0.08107712, -0.07703151, ...,  0.06882105,
         0.07578892, -0.03447481]], dtype=float32), array([ 0.08268531,  0.05454462,  0.06910101,  0.02343609,  0.01224455,
        0.09565071,  0.02492162,  0.0300837 , -0.01321757,  0.12670316,
        0.0277244 ,  0.05110873, -0.09759989,  0.03900955,  0.08240167,
       -0.01679581,  0.03328661, -0.06716277,  0.08899491, -0.01274289,
       -0.02943446, -0.12801482, -0.042732  ,  0.00736775, -0.05764701,
        0.06682876,  0.02454529,  0.11387504,  0.08438276,  0.02318484,
       -0.04344363,  0.04382879, -0.01642541, -0.06142917,  0.07451221,
        0.03427419, -0.00348521,  0.0364534 ,  0.03289641,  0.03887798,
        0.07929938, -0.0144703 ,  0.08123802,  0.03770002,  0.05844943,
        0.02838159,  0.08970173,  0.04737007, -0.02607001, -0.02688384,
        0.01041397, -0.10431889,  0.03614007, -0.02880372,  0.07385433,
        0.02666732, -0.01581638,  0.07884225, -0.07756447, -0.06257767,
        0.10906856,  0.03589936,  0.06476049,  0.00892451,  0.10419413,
       -0.05978163, -0.05755613,  0.01638568,  0.01798833,  0.10156663,
        0.04572248, -0.00545592,  0.02069742,  0.06707164,  0.06501415,
        0.07586554, -0.03363375,  0.088584  ,  0.06525294, -0.04324073,
        0.03219875, -0.00823258,  0.05017558, -0.09940287,  0.05279382,
        0.01203623,  0.0389335 ,  0.0276558 ,  0.06058903,  0.04461937,
        0.04311308,  0.06816255,  0.05392573,  0.01447374,  0.05860318,
       -0.03159864, -0.03507768,  0.04195786,  0.0097438 ,  0.03058176,
        0.02069861, -0.00965265,  0.09151544,  0.03474814,  0.02169819,
       -0.06064055, -0.00946415, -0.07969077,  0.12756424,  0.0034566 ,
        0.05641693,  0.00216979, -0.0790218 ,  0.04111646,  0.06419437,
        0.03510366, -0.06721845,  0.08551233, -0.04368418,  0.00653272,
       -0.04410502, -0.1284177 , -0.02469115, -0.02234058, -0.00605102,
       -0.02459248,  0.02827417, -0.07740197], dtype=float32), array([[-0.01607324, -0.235393  ,  0.03268771, ...,  0.31107205,
        -0.15880102, -0.27719155],
       [ 0.12311316, -0.29165065,  0.07776248, ...,  0.18692765,
        -0.063313  , -0.19103235],
       [-0.18393728,  0.09024853,  0.23948623, ...,  0.38037258,
        -0.36851543, -0.39006227],
       ...,
       [-0.3868671 , -0.12708236, -0.2814004 , ..., -0.14981821,
         0.12889159,  0.13428131],
       [-0.12804216, -0.35392687, -0.5071074 , ..., -0.09025729,
        -0.16787456,  0.12153512],
       [-0.20972617, -0.10795048, -0.18749808, ..., -0.09153678,
         0.05498118,  0.18768382]], dtype=float32), array([-0.04198075,  0.04867329, -0.024496  , -0.06160334,  0.03609398,
        0.04475501, -0.04463083,  0.05469615, -0.03274595,  0.01768355],
      dtype=float32)] and config {}
2024-08-28 13:00:36,839 - logging_configuration - MainThread - INFO - Saved the model into model_in and the weights of model are [array([[-0.00429945,  0.03718616,  0.07747044, ...,  0.06264467,
         0.03499427,  0.04883986],
       [ 0.01087835, -0.07549069,  0.04462484, ...,  0.04485322,
         0.00607925, -0.02485232],
       [ 0.06463061,  0.01542297,  0.07942718, ...,  0.05694843,
        -0.01562328,  0.0579802 ],
       ...,
       [-0.04197332, -0.01332952, -0.02758661, ...,  0.01994313,
         0.05854619,  0.08107527],
       [ 0.06264428,  0.0751876 ,  0.02416293, ..., -0.04636437,
         0.05583601,  0.04870933],
       [-0.08102257,  0.08107712, -0.07703151, ...,  0.06882105,
         0.07578892, -0.03447481]], dtype=float32), array([ 0.08268531,  0.05454462,  0.06910101,  0.02343609,  0.01224455,
        0.09565071,  0.02492162,  0.0300837 , -0.01321757,  0.12670316,
        0.0277244 ,  0.05110873, -0.09759989,  0.03900955,  0.08240167,
       -0.01679581,  0.03328661, -0.06716277,  0.08899491, -0.01274289,
       -0.02943446, -0.12801482, -0.042732  ,  0.00736775, -0.05764701,
        0.06682876,  0.02454529,  0.11387504,  0.08438276,  0.02318484,
       -0.04344363,  0.04382879, -0.01642541, -0.06142917,  0.07451221,
        0.03427419, -0.00348521,  0.0364534 ,  0.03289641,  0.03887798,
        0.07929938, -0.0144703 ,  0.08123802,  0.03770002,  0.05844943,
        0.02838159,  0.08970173,  0.04737007, -0.02607001, -0.02688384,
        0.01041397, -0.10431889,  0.03614007, -0.02880372,  0.07385433,
        0.02666732, -0.01581638,  0.07884225, -0.07756447, -0.06257767,
        0.10906856,  0.03589936,  0.06476049,  0.00892451,  0.10419413,
       -0.05978163, -0.05755613,  0.01638568,  0.01798833,  0.10156663,
        0.04572248, -0.00545592,  0.02069742,  0.06707164,  0.06501415,
        0.07586554, -0.03363375,  0.088584  ,  0.06525294, -0.04324073,
        0.03219875, -0.00823258,  0.05017558, -0.09940287,  0.05279382,
        0.01203623,  0.0389335 ,  0.0276558 ,  0.06058903,  0.04461937,
        0.04311308,  0.06816255,  0.05392573,  0.01447374,  0.05860318,
       -0.03159864, -0.03507768,  0.04195786,  0.0097438 ,  0.03058176,
        0.02069861, -0.00965265,  0.09151544,  0.03474814,  0.02169819,
       -0.06064055, -0.00946415, -0.07969077,  0.12756424,  0.0034566 ,
        0.05641693,  0.00216979, -0.0790218 ,  0.04111646,  0.06419437,
        0.03510366, -0.06721845,  0.08551233, -0.04368418,  0.00653272,
       -0.04410502, -0.1284177 , -0.02469115, -0.02234058, -0.00605102,
       -0.02459248,  0.02827417, -0.07740197], dtype=float32), array([[-0.01607324, -0.235393  ,  0.03268771, ...,  0.31107205,
        -0.15880102, -0.27719155],
       [ 0.12311316, -0.29165065,  0.07776248, ...,  0.18692765,
        -0.063313  , -0.19103235],
       [-0.18393728,  0.09024853,  0.23948623, ...,  0.38037258,
        -0.36851543, -0.39006227],
       ...,
       [-0.3868671 , -0.12708236, -0.2814004 , ..., -0.14981821,
         0.12889159,  0.13428131],
       [-0.12804216, -0.35392687, -0.5071074 , ..., -0.09025729,
        -0.16787456,  0.12153512],
       [-0.20972617, -0.10795048, -0.18749808, ..., -0.09153678,
         0.05498118,  0.18768382]], dtype=float32), array([-0.04198075,  0.04867329, -0.024496  , -0.06160334,  0.03609398,
        0.04475501, -0.04463083,  0.05469615, -0.03274595,  0.01768355],
      dtype=float32)] and parameters [array([[-0.00429945,  0.03718616,  0.07747044, ...,  0.06264467,
         0.03499427,  0.04883986],
       [ 0.01087835, -0.07549069,  0.04462484, ...,  0.04485322,
         0.00607925, -0.02485232],
       [ 0.06463061,  0.01542297,  0.07942718, ...,  0.05694843,
        -0.01562328,  0.0579802 ],
       ...,
       [-0.04197332, -0.01332952, -0.02758661, ...,  0.01994313,
         0.05854619,  0.08107527],
       [ 0.06264428,  0.0751876 ,  0.02416293, ..., -0.04636437,
         0.05583601,  0.04870933],
       [-0.08102257,  0.08107712, -0.07703151, ...,  0.06882105,
         0.07578892, -0.03447481]], dtype=float32), array([ 0.08268531,  0.05454462,  0.06910101,  0.02343609,  0.01224455,
        0.09565071,  0.02492162,  0.0300837 , -0.01321757,  0.12670316,
        0.0277244 ,  0.05110873, -0.09759989,  0.03900955,  0.08240167,
       -0.01679581,  0.03328661, -0.06716277,  0.08899491, -0.01274289,
       -0.02943446, -0.12801482, -0.042732  ,  0.00736775, -0.05764701,
        0.06682876,  0.02454529,  0.11387504,  0.08438276,  0.02318484,
       -0.04344363,  0.04382879, -0.01642541, -0.06142917,  0.07451221,
        0.03427419, -0.00348521,  0.0364534 ,  0.03289641,  0.03887798,
        0.07929938, -0.0144703 ,  0.08123802,  0.03770002,  0.05844943,
        0.02838159,  0.08970173,  0.04737007, -0.02607001, -0.02688384,
        0.01041397, -0.10431889,  0.03614007, -0.02880372,  0.07385433,
        0.02666732, -0.01581638,  0.07884225, -0.07756447, -0.06257767,
        0.10906856,  0.03589936,  0.06476049,  0.00892451,  0.10419413,
       -0.05978163, -0.05755613,  0.01638568,  0.01798833,  0.10156663,
        0.04572248, -0.00545592,  0.02069742,  0.06707164,  0.06501415,
        0.07586554, -0.03363375,  0.088584  ,  0.06525294, -0.04324073,
        0.03219875, -0.00823258,  0.05017558, -0.09940287,  0.05279382,
        0.01203623,  0.0389335 ,  0.0276558 ,  0.06058903,  0.04461937,
        0.04311308,  0.06816255,  0.05392573,  0.01447374,  0.05860318,
       -0.03159864, -0.03507768,  0.04195786,  0.0097438 ,  0.03058176,
        0.02069861, -0.00965265,  0.09151544,  0.03474814,  0.02169819,
       -0.06064055, -0.00946415, -0.07969077,  0.12756424,  0.0034566 ,
        0.05641693,  0.00216979, -0.0790218 ,  0.04111646,  0.06419437,
        0.03510366, -0.06721845,  0.08551233, -0.04368418,  0.00653272,
       -0.04410502, -0.1284177 , -0.02469115, -0.02234058, -0.00605102,
       -0.02459248,  0.02827417, -0.07740197], dtype=float32), array([[-0.01607324, -0.235393  ,  0.03268771, ...,  0.31107205,
        -0.15880102, -0.27719155],
       [ 0.12311316, -0.29165065,  0.07776248, ...,  0.18692765,
        -0.063313  , -0.19103235],
       [-0.18393728,  0.09024853,  0.23948623, ...,  0.38037258,
        -0.36851543, -0.39006227],
       ...,
       [-0.3868671 , -0.12708236, -0.2814004 , ..., -0.14981821,
         0.12889159,  0.13428131],
       [-0.12804216, -0.35392687, -0.5071074 , ..., -0.09025729,
        -0.16787456,  0.12153512],
       [-0.20972617, -0.10795048, -0.18749808, ..., -0.09153678,
         0.05498118,  0.18768382]], dtype=float32), array([-0.04198075,  0.04867329, -0.024496  , -0.06160334,  0.03609398,
        0.04475501, -0.04463083,  0.05469615, -0.03274595,  0.01768355],
      dtype=float32)]
2024-08-28 13:00:36,839 - logging_configuration - MainThread - INFO - Initiating the evaluate task from mlcube.py
2024-08-28 13:03:25,270 - dev.mnist - MainThread - INFO - Parameters have been read (/home/sunlab/flower/quickstart-mlcube/workspaces/7/parameters/default.parameters.yaml).
2024-08-28 13:03:25,270 - logging_configuration - MainThread - INFO - Parameters for initial model {'optimizer': 'adam', 'epochs': 1, 'batch_size': 32}
2024-08-28 13:03:25,518 - dev.mnist - MainThread - INFO - Dataset has been loaded (/home/sunlab/flower/quickstart-mlcube/workspaces/7/data/mnist.npz).
2024-08-28 13:03:25,519 - logging_configuration - MainThread - INFO - Dataset ready
2024-08-28 13:03:25,615 - logging_configuration - MainThread - INFO - Model loaded from directory 
2024-08-28 13:03:25,615 - dev.mnist - MainThread - INFO - Model has been built.
2024-08-28 13:03:25,618 - dev.mnist - MainThread - INFO - Model has been compiled.
2024-08-28 13:03:25,618 - logging_configuration - MainThread - INFO - Model has been compiled.
2024-08-28 13:03:28,120 - dev.mnist - MainThread - INFO - Model has been trained.
2024-08-28 13:03:28,120 - logging_configuration - MainThread - INFO - Model has been trained.
2024-08-28 13:03:28,120 - logging_configuration - MainThread - INFO - Created metrics directory for saving loss and accuracy
2024-08-28 13:03:28,120 - logging_configuration - MainThread - INFO - After training round 1 {'loss': '0.30017492175102234', 'accuracy': '0.9117333292961121'}
2024-08-28 13:03:28,333 - dev.mnist - MainThread - INFO - Model has been saved.
2024-08-28 13:03:28,333 - logging_configuration - MainThread - INFO - Model has been saved
2024-08-28 13:03:28,334 - logging_configuration - MainThread - INFO - Training done
2024-08-28 13:03:28,427 - logging_configuration - MainThread - INFO - Getting parameters from model saved in /model after training
2024-08-28 13:03:28,428 - logging_configuration - MainThread - INFO - Parameters after training from the model saved in /model [array([[ 0.05535493, -0.05606697,  0.02181999, ..., -0.05213145,
         0.06802025,  0.02647131],
       [ 0.01940709, -0.03990561, -0.04670499, ..., -0.06291221,
         0.03403576, -0.03773703],
       [-0.04077602,  0.04941004,  0.01495606, ..., -0.01107526,
        -0.06974843,  0.03682666],
       ...,
       [-0.07289257,  0.01811446,  0.04213729, ...,  0.06708793,
        -0.02565804, -0.07402316],
       [-0.0746064 ,  0.02324765,  0.02888809, ...,  0.04233229,
        -0.03627352, -0.03374226],
       [-0.04110673,  0.02445611, -0.07629646, ..., -0.06411052,
         0.00450277, -0.06458708]], dtype=float32), array([-0.04079806, -0.04443695, -0.09027203,  0.08940303, -0.01475975,
       -0.05589716, -0.0649814 , -0.04989335, -0.01718666, -0.01156591,
        0.06047317, -0.05204614, -0.05323367,  0.09494044,  0.07239055,
        0.05612211,  0.03072995, -0.01109058,  0.10080466,  0.02143947,
        0.06105601, -0.02950794, -0.073814  ,  0.0306328 , -0.0458686 ,
        0.06501632, -0.03189222,  0.00866148, -0.11432366, -0.00024903,
        0.00444251, -0.02259313, -0.10812548,  0.03948075, -0.02308031,
        0.07816057,  0.05794794, -0.00587597, -0.03062634,  0.03084422,
        0.06010504,  0.01819525,  0.07513736,  0.06904739,  0.01382533,
        0.06553102, -0.07873735, -0.05404799, -0.07649316,  0.05042231,
        0.00877985, -0.0515869 , -0.00779135, -0.0613944 , -0.01357648,
        0.067775  , -0.02467644,  0.12347978, -0.0202835 ,  0.03053962,
        0.01611933,  0.09017218,  0.06547191,  0.03900731,  0.02323158,
        0.02745559,  0.0318739 ,  0.06463601,  0.07710559,  0.06731477,
        0.07654815,  0.09970116, -0.00488423,  0.04717531,  0.02109001,
        0.08025872,  0.04745848,  0.02185395,  0.09896359, -0.01491534,
        0.10423618,  0.09318256,  0.06843282,  0.01834926,  0.05497032,
        0.05954717,  0.09408846,  0.02497728, -0.01446522, -0.05591846,
        0.01168874,  0.01801678, -0.01798164,  0.00860153,  0.01086964,
       -0.08139022, -0.02349756, -0.06093909,  0.06732643,  0.10234226,
       -0.02069915,  0.07822097,  0.02092075, -0.01887454,  0.03006448,
        0.01119194,  0.09527855,  0.04505524, -0.02761023,  0.06237327,
       -0.01072718, -0.06112107,  0.08160178,  0.03172531,  0.07928771,
       -0.03404267,  0.01735944,  0.09143368,  0.03002445, -0.00633544,
        0.04682831,  0.02501955,  0.05763889, -0.02152186,  0.04733026,
        0.03264938,  0.00883416,  0.03230118], dtype=float32), array([[-0.29646328, -0.40878904, -0.2390652 , ...,  0.06267927,
         0.1365304 ,  0.16767858],
       [ 0.11289844, -0.08862007, -0.10713774, ..., -0.24254851,
         0.18347226, -0.20509203],
       [ 0.11848575,  0.08480621,  0.15329912, ..., -0.19191588,
         0.12252358,  0.04342743],
       ...,
       [ 0.19376896, -0.07874179, -0.16634148, ...,  0.15169851,
        -0.33030865, -0.20378375],
       [ 0.02529835,  0.19625618,  0.21701123, ..., -0.02390889,
         0.14607008, -0.31845492],
       [ 0.11199836, -0.3115415 , -0.317435  , ...,  0.10079261,
         0.0915301 ,  0.04139388]], dtype=float32), array([-0.04973992,  0.03247239,  0.01753325, -0.01985748,  0.00240218,
        0.09879349, -0.04699019,  0.00371269, -0.04207243, -0.00871256],
      dtype=float32)]
2024-08-28 13:03:28,428 - logging_configuration - MainThread - INFO - Loading metrics from json file saved after training
2024-08-28 13:03:28,428 - logging_configuration - MainThread - INFO - Config after training {'loss': 0.30017492175102234, 'accuracy': 0.9117333292961121, 'num_examples': 1}
2024-08-28 13:03:28,429 - flwr - MainThread - INFO - Sent reply
2024-08-28 13:03:28,434 - flwr - MainThread - INFO - 
2024-08-28 13:03:28,434 - flwr - MainThread - INFO - Received: evaluate message 8bf90185-ddec-4830-bcc3-55bffd22c0ff
2024-08-28 13:03:28,436 - logging_configuration - MainThread - INFO - Parameters shared by server for evaluate [array([[ 0.05535493, -0.05606697,  0.02181999, ..., -0.05213145,
         0.06802025,  0.02647131],
       [ 0.01940709, -0.03990561, -0.04670499, ..., -0.06291221,
         0.03403576, -0.03773703],
       [-0.04077602,  0.04941004,  0.01495606, ..., -0.01107526,
        -0.06974843,  0.03682666],
       ...,
       [-0.07289257,  0.01811446,  0.04213729, ...,  0.06708793,
        -0.02565804, -0.07402316],
       [-0.0746064 ,  0.02324765,  0.02888809, ...,  0.04233229,
        -0.03627352, -0.03374226],
       [-0.04110673,  0.02445611, -0.07629646, ..., -0.06411052,
         0.00450277, -0.06458708]], dtype=float32), array([-0.04079806, -0.04443695, -0.09027203,  0.08940303, -0.01475975,
       -0.05589716, -0.0649814 , -0.04989335, -0.01718666, -0.01156591,
        0.06047317, -0.05204614, -0.05323367,  0.09494044,  0.07239055,
        0.05612211,  0.03072995, -0.01109058,  0.10080466,  0.02143947,
        0.06105601, -0.02950794, -0.073814  ,  0.0306328 , -0.0458686 ,
        0.06501632, -0.03189222,  0.00866148, -0.11432366, -0.00024903,
        0.00444251, -0.02259313, -0.10812548,  0.03948075, -0.02308031,
        0.07816057,  0.05794794, -0.00587597, -0.03062634,  0.03084422,
        0.06010504,  0.01819525,  0.07513736,  0.06904739,  0.01382533,
        0.06553102, -0.07873735, -0.05404799, -0.07649316,  0.05042231,
        0.00877985, -0.0515869 , -0.00779135, -0.0613944 , -0.01357648,
        0.067775  , -0.02467644,  0.12347978, -0.0202835 ,  0.03053962,
        0.01611933,  0.09017218,  0.06547191,  0.03900731,  0.02323158,
        0.02745559,  0.0318739 ,  0.06463601,  0.07710559,  0.06731477,
        0.07654815,  0.09970116, -0.00488423,  0.04717531,  0.02109001,
        0.08025872,  0.04745848,  0.02185395,  0.09896359, -0.01491534,
        0.10423618,  0.09318256,  0.06843282,  0.01834926,  0.05497032,
        0.05954717,  0.09408846,  0.02497728, -0.01446522, -0.05591846,
        0.01168874,  0.01801678, -0.01798164,  0.00860153,  0.01086964,
       -0.08139022, -0.02349756, -0.06093909,  0.06732643,  0.10234226,
       -0.02069915,  0.07822097,  0.02092075, -0.01887454,  0.03006448,
        0.01119194,  0.09527855,  0.04505524, -0.02761023,  0.06237327,
       -0.01072718, -0.06112107,  0.08160178,  0.03172531,  0.07928771,
       -0.03404267,  0.01735944,  0.09143368,  0.03002445, -0.00633544,
        0.04682831,  0.02501955,  0.05763889, -0.02152186,  0.04733026,
        0.03264938,  0.00883416,  0.03230118], dtype=float32), array([[-0.29646328, -0.40878904, -0.2390652 , ...,  0.06267927,
         0.1365304 ,  0.16767858],
       [ 0.11289844, -0.08862007, -0.10713774, ..., -0.24254851,
         0.18347226, -0.20509203],
       [ 0.11848575,  0.08480621,  0.15329912, ..., -0.19191588,
         0.12252358,  0.04342743],
       ...,
       [ 0.19376896, -0.07874179, -0.16634148, ...,  0.15169851,
        -0.33030865, -0.20378375],
       [ 0.02529835,  0.19625618,  0.21701123, ..., -0.02390889,
         0.14607008, -0.31845492],
       [ 0.11199836, -0.3115415 , -0.317435  , ...,  0.10079261,
         0.0915301 ,  0.04139388]], dtype=float32), array([-0.04973992,  0.03247239,  0.01753325, -0.01985748,  0.00240218,
        0.09879349, -0.04699019,  0.00371269, -0.04207243, -0.00871256],
      dtype=float32)] and config {}
2024-08-28 13:03:28,650 - logging_configuration - MainThread - INFO - Saved the model into model_in and the weights of model are [array([[ 0.05535493, -0.05606697,  0.02181999, ..., -0.05213145,
         0.06802025,  0.02647131],
       [ 0.01940709, -0.03990561, -0.04670499, ..., -0.06291221,
         0.03403576, -0.03773703],
       [-0.04077602,  0.04941004,  0.01495606, ..., -0.01107526,
        -0.06974843,  0.03682666],
       ...,
       [-0.07289257,  0.01811446,  0.04213729, ...,  0.06708793,
        -0.02565804, -0.07402316],
       [-0.0746064 ,  0.02324765,  0.02888809, ...,  0.04233229,
        -0.03627352, -0.03374226],
       [-0.04110673,  0.02445611, -0.07629646, ..., -0.06411052,
         0.00450277, -0.06458708]], dtype=float32), array([-0.04079806, -0.04443695, -0.09027203,  0.08940303, -0.01475975,
       -0.05589716, -0.0649814 , -0.04989335, -0.01718666, -0.01156591,
        0.06047317, -0.05204614, -0.05323367,  0.09494044,  0.07239055,
        0.05612211,  0.03072995, -0.01109058,  0.10080466,  0.02143947,
        0.06105601, -0.02950794, -0.073814  ,  0.0306328 , -0.0458686 ,
        0.06501632, -0.03189222,  0.00866148, -0.11432366, -0.00024903,
        0.00444251, -0.02259313, -0.10812548,  0.03948075, -0.02308031,
        0.07816057,  0.05794794, -0.00587597, -0.03062634,  0.03084422,
        0.06010504,  0.01819525,  0.07513736,  0.06904739,  0.01382533,
        0.06553102, -0.07873735, -0.05404799, -0.07649316,  0.05042231,
        0.00877985, -0.0515869 , -0.00779135, -0.0613944 , -0.01357648,
        0.067775  , -0.02467644,  0.12347978, -0.0202835 ,  0.03053962,
        0.01611933,  0.09017218,  0.06547191,  0.03900731,  0.02323158,
        0.02745559,  0.0318739 ,  0.06463601,  0.07710559,  0.06731477,
        0.07654815,  0.09970116, -0.00488423,  0.04717531,  0.02109001,
        0.08025872,  0.04745848,  0.02185395,  0.09896359, -0.01491534,
        0.10423618,  0.09318256,  0.06843282,  0.01834926,  0.05497032,
        0.05954717,  0.09408846,  0.02497728, -0.01446522, -0.05591846,
        0.01168874,  0.01801678, -0.01798164,  0.00860153,  0.01086964,
       -0.08139022, -0.02349756, -0.06093909,  0.06732643,  0.10234226,
       -0.02069915,  0.07822097,  0.02092075, -0.01887454,  0.03006448,
        0.01119194,  0.09527855,  0.04505524, -0.02761023,  0.06237327,
       -0.01072718, -0.06112107,  0.08160178,  0.03172531,  0.07928771,
       -0.03404267,  0.01735944,  0.09143368,  0.03002445, -0.00633544,
        0.04682831,  0.02501955,  0.05763889, -0.02152186,  0.04733026,
        0.03264938,  0.00883416,  0.03230118], dtype=float32), array([[-0.29646328, -0.40878904, -0.2390652 , ...,  0.06267927,
         0.1365304 ,  0.16767858],
       [ 0.11289844, -0.08862007, -0.10713774, ..., -0.24254851,
         0.18347226, -0.20509203],
       [ 0.11848575,  0.08480621,  0.15329912, ..., -0.19191588,
         0.12252358,  0.04342743],
       ...,
       [ 0.19376896, -0.07874179, -0.16634148, ...,  0.15169851,
        -0.33030865, -0.20378375],
       [ 0.02529835,  0.19625618,  0.21701123, ..., -0.02390889,
         0.14607008, -0.31845492],
       [ 0.11199836, -0.3115415 , -0.317435  , ...,  0.10079261,
         0.0915301 ,  0.04139388]], dtype=float32), array([-0.04973992,  0.03247239,  0.01753325, -0.01985748,  0.00240218,
        0.09879349, -0.04699019,  0.00371269, -0.04207243, -0.00871256],
      dtype=float32)] and parameters [array([[ 0.05535493, -0.05606697,  0.02181999, ..., -0.05213145,
         0.06802025,  0.02647131],
       [ 0.01940709, -0.03990561, -0.04670499, ..., -0.06291221,
         0.03403576, -0.03773703],
       [-0.04077602,  0.04941004,  0.01495606, ..., -0.01107526,
        -0.06974843,  0.03682666],
       ...,
       [-0.07289257,  0.01811446,  0.04213729, ...,  0.06708793,
        -0.02565804, -0.07402316],
       [-0.0746064 ,  0.02324765,  0.02888809, ...,  0.04233229,
        -0.03627352, -0.03374226],
       [-0.04110673,  0.02445611, -0.07629646, ..., -0.06411052,
         0.00450277, -0.06458708]], dtype=float32), array([-0.04079806, -0.04443695, -0.09027203,  0.08940303, -0.01475975,
       -0.05589716, -0.0649814 , -0.04989335, -0.01718666, -0.01156591,
        0.06047317, -0.05204614, -0.05323367,  0.09494044,  0.07239055,
        0.05612211,  0.03072995, -0.01109058,  0.10080466,  0.02143947,
        0.06105601, -0.02950794, -0.073814  ,  0.0306328 , -0.0458686 ,
        0.06501632, -0.03189222,  0.00866148, -0.11432366, -0.00024903,
        0.00444251, -0.02259313, -0.10812548,  0.03948075, -0.02308031,
        0.07816057,  0.05794794, -0.00587597, -0.03062634,  0.03084422,
        0.06010504,  0.01819525,  0.07513736,  0.06904739,  0.01382533,
        0.06553102, -0.07873735, -0.05404799, -0.07649316,  0.05042231,
        0.00877985, -0.0515869 , -0.00779135, -0.0613944 , -0.01357648,
        0.067775  , -0.02467644,  0.12347978, -0.0202835 ,  0.03053962,
        0.01611933,  0.09017218,  0.06547191,  0.03900731,  0.02323158,
        0.02745559,  0.0318739 ,  0.06463601,  0.07710559,  0.06731477,
        0.07654815,  0.09970116, -0.00488423,  0.04717531,  0.02109001,
        0.08025872,  0.04745848,  0.02185395,  0.09896359, -0.01491534,
        0.10423618,  0.09318256,  0.06843282,  0.01834926,  0.05497032,
        0.05954717,  0.09408846,  0.02497728, -0.01446522, -0.05591846,
        0.01168874,  0.01801678, -0.01798164,  0.00860153,  0.01086964,
       -0.08139022, -0.02349756, -0.06093909,  0.06732643,  0.10234226,
       -0.02069915,  0.07822097,  0.02092075, -0.01887454,  0.03006448,
        0.01119194,  0.09527855,  0.04505524, -0.02761023,  0.06237327,
       -0.01072718, -0.06112107,  0.08160178,  0.03172531,  0.07928771,
       -0.03404267,  0.01735944,  0.09143368,  0.03002445, -0.00633544,
        0.04682831,  0.02501955,  0.05763889, -0.02152186,  0.04733026,
        0.03264938,  0.00883416,  0.03230118], dtype=float32), array([[-0.29646328, -0.40878904, -0.2390652 , ...,  0.06267927,
         0.1365304 ,  0.16767858],
       [ 0.11289844, -0.08862007, -0.10713774, ..., -0.24254851,
         0.18347226, -0.20509203],
       [ 0.11848575,  0.08480621,  0.15329912, ..., -0.19191588,
         0.12252358,  0.04342743],
       ...,
       [ 0.19376896, -0.07874179, -0.16634148, ...,  0.15169851,
        -0.33030865, -0.20378375],
       [ 0.02529835,  0.19625618,  0.21701123, ..., -0.02390889,
         0.14607008, -0.31845492],
       [ 0.11199836, -0.3115415 , -0.317435  , ...,  0.10079261,
         0.0915301 ,  0.04139388]], dtype=float32), array([-0.04973992,  0.03247239,  0.01753325, -0.01985748,  0.00240218,
        0.09879349, -0.04699019,  0.00371269, -0.04207243, -0.00871256],
      dtype=float32)]
2024-08-28 13:03:28,651 - logging_configuration - MainThread - INFO - Initiating the evaluate task from mlcube.py
