2024-08-28 13:00:13,959 - logging_configuration - MainThread - INFO - Download Directory created to store the data /home/sunlab/flower/quickstart-mlcube/workspaces/6/download_logs
2024-08-28 13:00:13,959 - dev.mnist - MainThread - INFO - Starting download task
2024-08-28 13:00:14,275 - dev.mnist - MainThread - INFO - MNIST dataset has been downloaded.
2024-08-28 13:00:14,275 - logging_configuration - MainThread - INFO - Dataset downloaded
2024-08-28 13:00:14,283 - flwr - MainThread - INFO - 
2024-08-28 13:00:14,283 - flwr - MainThread - INFO - Received: train message 2028450e-71be-4623-b5dd-b86f0c518834
2024-08-28 13:00:14,286 - logging_configuration - MainThread - INFO - Fit method parameters  or initial parameters shared by server [array([[ 7.4046679e-02,  1.8275082e-02, -1.6905658e-02, ...,
         5.8740266e-02, -2.8507806e-02,  4.2956322e-02],
       [-5.0045773e-03, -3.2985508e-03,  4.2380229e-02, ...,
         5.3900480e-03, -6.5939441e-02, -5.4650985e-02],
       [ 2.0252787e-02, -7.7760816e-02,  7.7314235e-02, ...,
         6.6915527e-03, -3.2180615e-02, -1.0635175e-02],
       ...,
       [ 2.4659410e-03,  2.5889263e-02,  4.7810875e-02, ...,
        -6.8483047e-02, -6.5182425e-02,  5.2985854e-02],
       [ 6.2540174e-05,  6.6024594e-02, -6.5577276e-02, ...,
        -6.0539186e-02,  1.7776191e-02,  7.5253330e-02],
       [ 4.7794960e-02,  1.7636068e-02,  2.0296104e-02, ...,
         2.5588959e-02, -9.8090395e-03, -4.1287947e-02]], dtype=float32), array([0., 0., 0., 0., 0., 0., 0., 0., 0., 0., 0., 0., 0., 0., 0., 0., 0.,
       0., 0., 0., 0., 0., 0., 0., 0., 0., 0., 0., 0., 0., 0., 0., 0., 0.,
       0., 0., 0., 0., 0., 0., 0., 0., 0., 0., 0., 0., 0., 0., 0., 0., 0.,
       0., 0., 0., 0., 0., 0., 0., 0., 0., 0., 0., 0., 0., 0., 0., 0., 0.,
       0., 0., 0., 0., 0., 0., 0., 0., 0., 0., 0., 0., 0., 0., 0., 0., 0.,
       0., 0., 0., 0., 0., 0., 0., 0., 0., 0., 0., 0., 0., 0., 0., 0., 0.,
       0., 0., 0., 0., 0., 0., 0., 0., 0., 0., 0., 0., 0., 0., 0., 0., 0.,
       0., 0., 0., 0., 0., 0., 0., 0., 0.], dtype=float32), array([[ 0.19374506,  0.07397704,  0.04565175, ..., -0.17080422,
         0.10880642,  0.13978432],
       [-0.03635931, -0.2074574 ,  0.09725483, ...,  0.01245686,
        -0.08652388, -0.13849136],
       [ 0.009645  , -0.12828204, -0.07623383, ...,  0.05069385,
         0.16707803, -0.13591485],
       ...,
       [ 0.10249211,  0.0663415 , -0.01004614, ...,  0.18128164,
        -0.15511279, -0.08729155],
       [-0.13952138, -0.09422856, -0.02787264, ...,  0.00538956,
        -0.06922002,  0.00877541],
       [-0.05040126,  0.2068909 , -0.04773396, ..., -0.20724398,
         0.02764386,  0.14305104]], dtype=float32), array([0., 0., 0., 0., 0., 0., 0., 0., 0., 0.], dtype=float32)] and config {}
2024-08-28 13:00:14,287 - logging_configuration - MainThread - INFO - Client ID 6
2024-08-28 13:00:14,684 - logging_configuration - MainThread - INFO - Saved the model into model_in and the weights of model are [array([[ 7.4046679e-02,  1.8275082e-02, -1.6905658e-02, ...,
         5.8740266e-02, -2.8507806e-02,  4.2956322e-02],
       [-5.0045773e-03, -3.2985508e-03,  4.2380229e-02, ...,
         5.3900480e-03, -6.5939441e-02, -5.4650985e-02],
       [ 2.0252787e-02, -7.7760816e-02,  7.7314235e-02, ...,
         6.6915527e-03, -3.2180615e-02, -1.0635175e-02],
       ...,
       [ 2.4659410e-03,  2.5889263e-02,  4.7810875e-02, ...,
        -6.8483047e-02, -6.5182425e-02,  5.2985854e-02],
       [ 6.2540174e-05,  6.6024594e-02, -6.5577276e-02, ...,
        -6.0539186e-02,  1.7776191e-02,  7.5253330e-02],
       [ 4.7794960e-02,  1.7636068e-02,  2.0296104e-02, ...,
         2.5588959e-02, -9.8090395e-03, -4.1287947e-02]], dtype=float32), array([0., 0., 0., 0., 0., 0., 0., 0., 0., 0., 0., 0., 0., 0., 0., 0., 0.,
       0., 0., 0., 0., 0., 0., 0., 0., 0., 0., 0., 0., 0., 0., 0., 0., 0.,
       0., 0., 0., 0., 0., 0., 0., 0., 0., 0., 0., 0., 0., 0., 0., 0., 0.,
       0., 0., 0., 0., 0., 0., 0., 0., 0., 0., 0., 0., 0., 0., 0., 0., 0.,
       0., 0., 0., 0., 0., 0., 0., 0., 0., 0., 0., 0., 0., 0., 0., 0., 0.,
       0., 0., 0., 0., 0., 0., 0., 0., 0., 0., 0., 0., 0., 0., 0., 0., 0.,
       0., 0., 0., 0., 0., 0., 0., 0., 0., 0., 0., 0., 0., 0., 0., 0., 0.,
       0., 0., 0., 0., 0., 0., 0., 0., 0.], dtype=float32), array([[ 0.19374506,  0.07397704,  0.04565175, ..., -0.17080422,
         0.10880642,  0.13978432],
       [-0.03635931, -0.2074574 ,  0.09725483, ...,  0.01245686,
        -0.08652388, -0.13849136],
       [ 0.009645  , -0.12828204, -0.07623383, ...,  0.05069385,
         0.16707803, -0.13591485],
       ...,
       [ 0.10249211,  0.0663415 , -0.01004614, ...,  0.18128164,
        -0.15511279, -0.08729155],
       [-0.13952138, -0.09422856, -0.02787264, ...,  0.00538956,
        -0.06922002,  0.00877541],
       [-0.05040126,  0.2068909 , -0.04773396, ..., -0.20724398,
         0.02764386,  0.14305104]], dtype=float32), array([0., 0., 0., 0., 0., 0., 0., 0., 0., 0.], dtype=float32)] and parameters [array([[ 7.4046679e-02,  1.8275082e-02, -1.6905658e-02, ...,
         5.8740266e-02, -2.8507806e-02,  4.2956322e-02],
       [-5.0045773e-03, -3.2985508e-03,  4.2380229e-02, ...,
         5.3900480e-03, -6.5939441e-02, -5.4650985e-02],
       [ 2.0252787e-02, -7.7760816e-02,  7.7314235e-02, ...,
         6.6915527e-03, -3.2180615e-02, -1.0635175e-02],
       ...,
       [ 2.4659410e-03,  2.5889263e-02,  4.7810875e-02, ...,
        -6.8483047e-02, -6.5182425e-02,  5.2985854e-02],
       [ 6.2540174e-05,  6.6024594e-02, -6.5577276e-02, ...,
        -6.0539186e-02,  1.7776191e-02,  7.5253330e-02],
       [ 4.7794960e-02,  1.7636068e-02,  2.0296104e-02, ...,
         2.5588959e-02, -9.8090395e-03, -4.1287947e-02]], dtype=float32), array([0., 0., 0., 0., 0., 0., 0., 0., 0., 0., 0., 0., 0., 0., 0., 0., 0.,
       0., 0., 0., 0., 0., 0., 0., 0., 0., 0., 0., 0., 0., 0., 0., 0., 0.,
       0., 0., 0., 0., 0., 0., 0., 0., 0., 0., 0., 0., 0., 0., 0., 0., 0.,
       0., 0., 0., 0., 0., 0., 0., 0., 0., 0., 0., 0., 0., 0., 0., 0., 0.,
       0., 0., 0., 0., 0., 0., 0., 0., 0., 0., 0., 0., 0., 0., 0., 0., 0.,
       0., 0., 0., 0., 0., 0., 0., 0., 0., 0., 0., 0., 0., 0., 0., 0., 0.,
       0., 0., 0., 0., 0., 0., 0., 0., 0., 0., 0., 0., 0., 0., 0., 0., 0.,
       0., 0., 0., 0., 0., 0., 0., 0., 0.], dtype=float32), array([[ 0.19374506,  0.07397704,  0.04565175, ..., -0.17080422,
         0.10880642,  0.13978432],
       [-0.03635931, -0.2074574 ,  0.09725483, ...,  0.01245686,
        -0.08652388, -0.13849136],
       [ 0.009645  , -0.12828204, -0.07623383, ...,  0.05069385,
         0.16707803, -0.13591485],
       ...,
       [ 0.10249211,  0.0663415 , -0.01004614, ...,  0.18128164,
        -0.15511279, -0.08729155],
       [-0.13952138, -0.09422856, -0.02787264, ...,  0.00538956,
        -0.06922002,  0.00877541],
       [-0.05040126,  0.2068909 , -0.04773396, ..., -0.20724398,
         0.02764386,  0.14305104]], dtype=float32), array([0., 0., 0., 0., 0., 0., 0., 0., 0., 0.], dtype=float32)]
2024-08-28 13:00:14,684 - logging_configuration - MainThread - INFO - Initiating the training task from mlcube.py
2024-08-28 13:00:14,684 - logging_configuration - MainThread - INFO - Created log dir fot training logs /home/sunlab/flower/quickstart-mlcube/workspaces/6/train_logs
