2024-08-28 13:04:31,528 - dev.mnist - MainThread - INFO - Parameters have been read (/home/sunlab/flower/quickstart-mlcube/workspaces/8/parameters/default.parameters.yaml).
2024-08-28 13:04:31,528 - logging_configuration - MainThread - INFO - Parameters for initial model {'optimizer': 'adam', 'epochs': 1, 'batch_size': 32}
2024-08-28 13:04:31,761 - dev.mnist - MainThread - INFO - Dataset has been loaded (/home/sunlab/flower/quickstart-mlcube/workspaces/8/data/mnist.npz).
2024-08-28 13:04:31,762 - logging_configuration - MainThread - INFO - Dataset ready
2024-08-28 13:04:31,847 - logging_configuration - MainThread - INFO - Model loaded from directory 
2024-08-28 13:04:31,847 - dev.mnist - MainThread - INFO - Model has been built.
2024-08-28 13:04:31,850 - dev.mnist - MainThread - INFO - Model has been compiled.
2024-08-28 13:04:31,850 - logging_configuration - MainThread - INFO - Model has been compiled.
2024-08-28 13:04:34,329 - dev.mnist - MainThread - INFO - Model has been trained.
2024-08-28 13:04:34,329 - logging_configuration - MainThread - INFO - Model has been trained.
2024-08-28 13:04:34,329 - logging_configuration - MainThread - INFO - Created metrics directory for saving loss and accuracy
2024-08-28 13:04:34,329 - logging_configuration - MainThread - INFO - After training round 1 {'loss': '0.29187408089637756', 'accuracy': '0.915233314037323'}
2024-08-28 13:04:34,544 - dev.mnist - MainThread - INFO - Model has been saved.
2024-08-28 13:04:34,544 - logging_configuration - MainThread - INFO - Model has been saved
2024-08-28 13:04:34,545 - logging_configuration - MainThread - INFO - Training done
2024-08-28 13:04:34,638 - logging_configuration - MainThread - INFO - Getting parameters from model saved in /model after training
2024-08-28 13:04:34,640 - logging_configuration - MainThread - INFO - Parameters after training from the model saved in /model [array([[-6.9377661e-02,  6.6963740e-02,  6.4246275e-02, ...,
         5.0467215e-02, -4.2079348e-02, -5.9390470e-02],
       [-5.9706718e-04, -7.7803567e-02,  3.8579851e-04, ...,
        -7.8919426e-02,  3.5737388e-02,  5.9197247e-03],
       [ 3.8588710e-02,  2.9766358e-02,  1.8125422e-02, ...,
        -4.9047999e-02, -4.6841346e-02,  1.9728839e-02],
       ...,
       [ 1.4080107e-04, -2.9911224e-02,  3.1977892e-02, ...,
        -5.2752253e-02, -5.9487261e-02,  2.7142234e-02],
       [ 4.1525140e-03, -5.9832603e-02, -5.8591008e-02, ...,
        -9.3981624e-05, -7.1322009e-02, -1.2722418e-02],
       [-6.1808590e-02,  1.9769251e-02, -7.8681529e-02, ...,
         8.0479182e-02,  2.2564255e-02, -3.6395919e-02]], dtype=float32), array([ 0.0516507 ,  0.06326812, -0.02733748,  0.10523909,  0.03626738,
        0.045487  , -0.02459735, -0.0135942 , -0.01678929,  0.01953816,
        0.03590307, -0.04640058,  0.01491566,  0.04846659,  0.00329389,
        0.05212432, -0.00462023,  0.06761196, -0.03339982, -0.05299538,
       -0.00289236, -0.06019058,  0.04335536,  0.04993572,  0.07406512,
        0.06916909,  0.00456468, -0.08393426,  0.0583976 , -0.01271107,
        0.01297832,  0.01708125,  0.06055456, -0.04481805, -0.01299132,
        0.15131597,  0.04733638, -0.02499704, -0.01073622,  0.06465582,
        0.09286336,  0.06470346, -0.00854509, -0.06395851,  0.09381068,
        0.05756658,  0.06367965,  0.10670442,  0.04248356,  0.02581986,
        0.06976355,  0.02819333,  0.03730787,  0.01613533,  0.0207589 ,
       -0.02529209,  0.00808537,  0.02492499, -0.04596741,  0.0480398 ,
       -0.10387919, -0.01224106,  0.06600672, -0.00108946,  0.06573361,
        0.00862742, -0.02336127,  0.02190156, -0.01657389,  0.09289752,
       -0.03674305,  0.0824062 , -0.05020011, -0.04934115, -0.10482649,
        0.06757537,  0.0400577 ,  0.00424352, -0.02603962,  0.02200161,
       -0.01078968, -0.04842693, -0.09534138, -0.04629602,  0.06547196,
       -0.04127777,  0.0514489 ,  0.07153463,  0.08237147,  0.013554  ,
       -0.03965121,  0.02675154,  0.1297039 , -0.05608794, -0.05294662,
        0.06092363, -0.01321087,  0.0488641 ,  0.02085041,  0.07604434,
        0.03609072,  0.10286657,  0.07988907,  0.0816756 ,  0.07834259,
        0.02544796, -0.01218511,  0.05485526,  0.00068077,  0.06792404,
        0.06241529, -0.03370396,  0.03863219, -0.01324299,  0.09352826,
       -0.09194164,  0.04497939, -0.04939156, -0.02316276,  0.01786618,
       -0.01594634,  0.0011904 ,  0.10027958, -0.02379135,  0.04205295,
       -0.02599736,  0.05681672, -0.0198419 ], dtype=float32), array([[-0.30434906,  0.16037501,  0.2766919 , ..., -0.16918322,
        -0.24119332,  0.21388665],
       [-0.23136395, -0.29953393,  0.13449165, ...,  0.10819253,
        -0.05698913, -0.37053096],
       [-0.27441758, -0.2251773 ,  0.04728577, ...,  0.10963819,
         0.1735334 ,  0.15581648],
       ...,
       [ 0.09771677, -0.36632654, -0.4383745 , ..., -0.12598906,
         0.09307991,  0.16356513],
       [-0.11499475, -0.0786467 ,  0.21467596, ..., -0.1405207 ,
        -0.07141498, -0.295805  ],
       [ 0.13450325, -0.3048407 , -0.05725168, ..., -0.25422862,
        -0.31479004,  0.12618575]], dtype=float32), array([-0.04928478, -0.00343444, -0.04844077, -0.0231939 ,  0.04206426,
        0.08889425, -0.04285983,  0.02486277,  0.00083096, -0.03175333],
      dtype=float32)]
2024-08-28 13:04:34,640 - logging_configuration - MainThread - INFO - Loading metrics from json file saved after training
2024-08-28 13:04:34,640 - logging_configuration - MainThread - INFO - Config after training {'loss': 0.29187408089637756, 'accuracy': 0.915233314037323, 'num_examples': 1}
2024-08-28 13:04:34,640 - flwr - MainThread - INFO - Sent reply
2024-08-28 13:04:34,646 - flwr - MainThread - INFO - 
2024-08-28 13:04:34,646 - flwr - MainThread - INFO - Received: evaluate message c36c8ccc-6395-45f3-b3e1-4287d7464e7b
2024-08-28 13:04:34,648 - logging_configuration - MainThread - INFO - Parameters shared by server for evaluate [array([[-6.9377661e-02,  6.6963740e-02,  6.4246275e-02, ...,
         5.0467215e-02, -4.2079348e-02, -5.9390470e-02],
       [-5.9706718e-04, -7.7803567e-02,  3.8579851e-04, ...,
        -7.8919426e-02,  3.5737388e-02,  5.9197247e-03],
       [ 3.8588710e-02,  2.9766358e-02,  1.8125422e-02, ...,
        -4.9047999e-02, -4.6841346e-02,  1.9728839e-02],
       ...,
       [ 1.4080107e-04, -2.9911224e-02,  3.1977892e-02, ...,
        -5.2752253e-02, -5.9487261e-02,  2.7142234e-02],
       [ 4.1525140e-03, -5.9832603e-02, -5.8591008e-02, ...,
        -9.3981624e-05, -7.1322009e-02, -1.2722418e-02],
       [-6.1808590e-02,  1.9769251e-02, -7.8681529e-02, ...,
         8.0479182e-02,  2.2564255e-02, -3.6395919e-02]], dtype=float32), array([ 0.0516507 ,  0.06326812, -0.02733748,  0.10523909,  0.03626738,
        0.045487  , -0.02459735, -0.0135942 , -0.01678929,  0.01953816,
        0.03590307, -0.04640058,  0.01491566,  0.04846659,  0.00329389,
        0.05212432, -0.00462023,  0.06761196, -0.03339982, -0.05299538,
       -0.00289236, -0.06019058,  0.04335536,  0.04993572,  0.07406512,
        0.06916909,  0.00456468, -0.08393426,  0.0583976 , -0.01271107,
        0.01297832,  0.01708125,  0.06055456, -0.04481805, -0.01299132,
        0.15131597,  0.04733638, -0.02499704, -0.01073622,  0.06465582,
        0.09286336,  0.06470346, -0.00854509, -0.06395851,  0.09381068,
        0.05756658,  0.06367965,  0.10670442,  0.04248356,  0.02581986,
        0.06976355,  0.02819333,  0.03730787,  0.01613533,  0.0207589 ,
       -0.02529209,  0.00808537,  0.02492499, -0.04596741,  0.0480398 ,
       -0.10387919, -0.01224106,  0.06600672, -0.00108946,  0.06573361,
        0.00862742, -0.02336127,  0.02190156, -0.01657389,  0.09289752,
       -0.03674305,  0.0824062 , -0.05020011, -0.04934115, -0.10482649,
        0.06757537,  0.0400577 ,  0.00424352, -0.02603962,  0.02200161,
       -0.01078968, -0.04842693, -0.09534138, -0.04629602,  0.06547196,
       -0.04127777,  0.0514489 ,  0.07153463,  0.08237147,  0.013554  ,
       -0.03965121,  0.02675154,  0.1297039 , -0.05608794, -0.05294662,
        0.06092363, -0.01321087,  0.0488641 ,  0.02085041,  0.07604434,
        0.03609072,  0.10286657,  0.07988907,  0.0816756 ,  0.07834259,
        0.02544796, -0.01218511,  0.05485526,  0.00068077,  0.06792404,
        0.06241529, -0.03370396,  0.03863219, -0.01324299,  0.09352826,
       -0.09194164,  0.04497939, -0.04939156, -0.02316276,  0.01786618,
       -0.01594634,  0.0011904 ,  0.10027958, -0.02379135,  0.04205295,
       -0.02599736,  0.05681672, -0.0198419 ], dtype=float32), array([[-0.30434906,  0.16037501,  0.2766919 , ..., -0.16918322,
        -0.24119332,  0.21388665],
       [-0.23136395, -0.29953393,  0.13449165, ...,  0.10819253,
        -0.05698913, -0.37053096],
       [-0.27441758, -0.2251773 ,  0.04728577, ...,  0.10963819,
         0.1735334 ,  0.15581648],
       ...,
       [ 0.09771677, -0.36632654, -0.4383745 , ..., -0.12598906,
         0.09307991,  0.16356513],
       [-0.11499475, -0.0786467 ,  0.21467596, ..., -0.1405207 ,
        -0.07141498, -0.295805  ],
       [ 0.13450325, -0.3048407 , -0.05725168, ..., -0.25422862,
        -0.31479004,  0.12618575]], dtype=float32), array([-0.04928478, -0.00343444, -0.04844077, -0.0231939 ,  0.04206426,
        0.08889425, -0.04285983,  0.02486277,  0.00083096, -0.03175333],
      dtype=float32)] and config {}
2024-08-28 13:04:34,855 - logging_configuration - MainThread - INFO - Saved the model into model_in and the weights of model are [array([[-6.9377661e-02,  6.6963740e-02,  6.4246275e-02, ...,
         5.0467215e-02, -4.2079348e-02, -5.9390470e-02],
       [-5.9706718e-04, -7.7803567e-02,  3.8579851e-04, ...,
        -7.8919426e-02,  3.5737388e-02,  5.9197247e-03],
       [ 3.8588710e-02,  2.9766358e-02,  1.8125422e-02, ...,
        -4.9047999e-02, -4.6841346e-02,  1.9728839e-02],
       ...,
       [ 1.4080107e-04, -2.9911224e-02,  3.1977892e-02, ...,
        -5.2752253e-02, -5.9487261e-02,  2.7142234e-02],
       [ 4.1525140e-03, -5.9832603e-02, -5.8591008e-02, ...,
        -9.3981624e-05, -7.1322009e-02, -1.2722418e-02],
       [-6.1808590e-02,  1.9769251e-02, -7.8681529e-02, ...,
         8.0479182e-02,  2.2564255e-02, -3.6395919e-02]], dtype=float32), array([ 0.0516507 ,  0.06326812, -0.02733748,  0.10523909,  0.03626738,
        0.045487  , -0.02459735, -0.0135942 , -0.01678929,  0.01953816,
        0.03590307, -0.04640058,  0.01491566,  0.04846659,  0.00329389,
        0.05212432, -0.00462023,  0.06761196, -0.03339982, -0.05299538,
       -0.00289236, -0.06019058,  0.04335536,  0.04993572,  0.07406512,
        0.06916909,  0.00456468, -0.08393426,  0.0583976 , -0.01271107,
        0.01297832,  0.01708125,  0.06055456, -0.04481805, -0.01299132,
        0.15131597,  0.04733638, -0.02499704, -0.01073622,  0.06465582,
        0.09286336,  0.06470346, -0.00854509, -0.06395851,  0.09381068,
        0.05756658,  0.06367965,  0.10670442,  0.04248356,  0.02581986,
        0.06976355,  0.02819333,  0.03730787,  0.01613533,  0.0207589 ,
       -0.02529209,  0.00808537,  0.02492499, -0.04596741,  0.0480398 ,
       -0.10387919, -0.01224106,  0.06600672, -0.00108946,  0.06573361,
        0.00862742, -0.02336127,  0.02190156, -0.01657389,  0.09289752,
       -0.03674305,  0.0824062 , -0.05020011, -0.04934115, -0.10482649,
        0.06757537,  0.0400577 ,  0.00424352, -0.02603962,  0.02200161,
       -0.01078968, -0.04842693, -0.09534138, -0.04629602,  0.06547196,
       -0.04127777,  0.0514489 ,  0.07153463,  0.08237147,  0.013554  ,
       -0.03965121,  0.02675154,  0.1297039 , -0.05608794, -0.05294662,
        0.06092363, -0.01321087,  0.0488641 ,  0.02085041,  0.07604434,
        0.03609072,  0.10286657,  0.07988907,  0.0816756 ,  0.07834259,
        0.02544796, -0.01218511,  0.05485526,  0.00068077,  0.06792404,
        0.06241529, -0.03370396,  0.03863219, -0.01324299,  0.09352826,
       -0.09194164,  0.04497939, -0.04939156, -0.02316276,  0.01786618,
       -0.01594634,  0.0011904 ,  0.10027958, -0.02379135,  0.04205295,
       -0.02599736,  0.05681672, -0.0198419 ], dtype=float32), array([[-0.30434906,  0.16037501,  0.2766919 , ..., -0.16918322,
        -0.24119332,  0.21388665],
       [-0.23136395, -0.29953393,  0.13449165, ...,  0.10819253,
        -0.05698913, -0.37053096],
       [-0.27441758, -0.2251773 ,  0.04728577, ...,  0.10963819,
         0.1735334 ,  0.15581648],
       ...,
       [ 0.09771677, -0.36632654, -0.4383745 , ..., -0.12598906,
         0.09307991,  0.16356513],
       [-0.11499475, -0.0786467 ,  0.21467596, ..., -0.1405207 ,
        -0.07141498, -0.295805  ],
       [ 0.13450325, -0.3048407 , -0.05725168, ..., -0.25422862,
        -0.31479004,  0.12618575]], dtype=float32), array([-0.04928478, -0.00343444, -0.04844077, -0.0231939 ,  0.04206426,
        0.08889425, -0.04285983,  0.02486277,  0.00083096, -0.03175333],
      dtype=float32)] and parameters [array([[-6.9377661e-02,  6.6963740e-02,  6.4246275e-02, ...,
         5.0467215e-02, -4.2079348e-02, -5.9390470e-02],
       [-5.9706718e-04, -7.7803567e-02,  3.8579851e-04, ...,
        -7.8919426e-02,  3.5737388e-02,  5.9197247e-03],
       [ 3.8588710e-02,  2.9766358e-02,  1.8125422e-02, ...,
        -4.9047999e-02, -4.6841346e-02,  1.9728839e-02],
       ...,
       [ 1.4080107e-04, -2.9911224e-02,  3.1977892e-02, ...,
        -5.2752253e-02, -5.9487261e-02,  2.7142234e-02],
       [ 4.1525140e-03, -5.9832603e-02, -5.8591008e-02, ...,
        -9.3981624e-05, -7.1322009e-02, -1.2722418e-02],
       [-6.1808590e-02,  1.9769251e-02, -7.8681529e-02, ...,
         8.0479182e-02,  2.2564255e-02, -3.6395919e-02]], dtype=float32), array([ 0.0516507 ,  0.06326812, -0.02733748,  0.10523909,  0.03626738,
        0.045487  , -0.02459735, -0.0135942 , -0.01678929,  0.01953816,
        0.03590307, -0.04640058,  0.01491566,  0.04846659,  0.00329389,
        0.05212432, -0.00462023,  0.06761196, -0.03339982, -0.05299538,
       -0.00289236, -0.06019058,  0.04335536,  0.04993572,  0.07406512,
        0.06916909,  0.00456468, -0.08393426,  0.0583976 , -0.01271107,
        0.01297832,  0.01708125,  0.06055456, -0.04481805, -0.01299132,
        0.15131597,  0.04733638, -0.02499704, -0.01073622,  0.06465582,
        0.09286336,  0.06470346, -0.00854509, -0.06395851,  0.09381068,
        0.05756658,  0.06367965,  0.10670442,  0.04248356,  0.02581986,
        0.06976355,  0.02819333,  0.03730787,  0.01613533,  0.0207589 ,
       -0.02529209,  0.00808537,  0.02492499, -0.04596741,  0.0480398 ,
       -0.10387919, -0.01224106,  0.06600672, -0.00108946,  0.06573361,
        0.00862742, -0.02336127,  0.02190156, -0.01657389,  0.09289752,
       -0.03674305,  0.0824062 , -0.05020011, -0.04934115, -0.10482649,
        0.06757537,  0.0400577 ,  0.00424352, -0.02603962,  0.02200161,
       -0.01078968, -0.04842693, -0.09534138, -0.04629602,  0.06547196,
       -0.04127777,  0.0514489 ,  0.07153463,  0.08237147,  0.013554  ,
       -0.03965121,  0.02675154,  0.1297039 , -0.05608794, -0.05294662,
        0.06092363, -0.01321087,  0.0488641 ,  0.02085041,  0.07604434,
        0.03609072,  0.10286657,  0.07988907,  0.0816756 ,  0.07834259,
        0.02544796, -0.01218511,  0.05485526,  0.00068077,  0.06792404,
        0.06241529, -0.03370396,  0.03863219, -0.01324299,  0.09352826,
       -0.09194164,  0.04497939, -0.04939156, -0.02316276,  0.01786618,
       -0.01594634,  0.0011904 ,  0.10027958, -0.02379135,  0.04205295,
       -0.02599736,  0.05681672, -0.0198419 ], dtype=float32), array([[-0.30434906,  0.16037501,  0.2766919 , ..., -0.16918322,
        -0.24119332,  0.21388665],
       [-0.23136395, -0.29953393,  0.13449165, ...,  0.10819253,
        -0.05698913, -0.37053096],
       [-0.27441758, -0.2251773 ,  0.04728577, ...,  0.10963819,
         0.1735334 ,  0.15581648],
       ...,
       [ 0.09771677, -0.36632654, -0.4383745 , ..., -0.12598906,
         0.09307991,  0.16356513],
       [-0.11499475, -0.0786467 ,  0.21467596, ..., -0.1405207 ,
        -0.07141498, -0.295805  ],
       [ 0.13450325, -0.3048407 , -0.05725168, ..., -0.25422862,
        -0.31479004,  0.12618575]], dtype=float32), array([-0.04928478, -0.00343444, -0.04844077, -0.0231939 ,  0.04206426,
        0.08889425, -0.04285983,  0.02486277,  0.00083096, -0.03175333],
      dtype=float32)]
2024-08-28 13:04:34,855 - logging_configuration - MainThread - INFO - Initiating the evaluate task from mlcube.py
2024-08-28 13:14:01,648 - dev.mnist - MainThread - INFO - Parameters have been read (/home/sunlab/flower/quickstart-mlcube/workspaces/8/parameters/default.parameters.yaml).
2024-08-28 13:14:01,648 - logging_configuration - MainThread - INFO - Parameters for initial model {'optimizer': 'adam', 'epochs': 10, 'batch_size': 32}
2024-08-28 13:14:01,889 - dev.mnist - MainThread - INFO - Dataset has been loaded (/home/sunlab/flower/quickstart-mlcube/workspaces/8/data/mnist.npz).
2024-08-28 13:14:01,889 - logging_configuration - MainThread - INFO - Dataset ready
2024-08-28 13:14:01,979 - logging_configuration - MainThread - INFO - Model loaded from directory 
2024-08-28 13:14:01,979 - dev.mnist - MainThread - INFO - Model has been built.
2024-08-28 13:14:01,982 - dev.mnist - MainThread - INFO - Model has been compiled.
2024-08-28 13:14:01,982 - logging_configuration - MainThread - INFO - Model has been compiled.
2024-08-28 13:14:22,070 - dev.mnist - MainThread - INFO - Model has been trained.
2024-08-28 13:14:22,070 - logging_configuration - MainThread - INFO - Model has been trained.
2024-08-28 13:14:22,070 - logging_configuration - MainThread - INFO - Created metrics directory for saving loss and accuracy
2024-08-28 13:14:22,071 - logging_configuration - MainThread - INFO - After training round 1 {'loss': '0.04517330229282379', 'accuracy': '0.9854000210762024'}
2024-08-28 13:14:22,286 - dev.mnist - MainThread - INFO - Model has been saved.
2024-08-28 13:14:22,286 - logging_configuration - MainThread - INFO - Model has been saved
2024-08-28 13:14:22,287 - logging_configuration - MainThread - INFO - Training done
2024-08-28 13:14:22,380 - logging_configuration - MainThread - INFO - Getting parameters from model saved in /model after training
2024-08-28 13:14:22,382 - logging_configuration - MainThread - INFO - Parameters after training from the model saved in /model [array([[-0.01711304,  0.05078752, -0.05577146, ..., -0.07276902,
        -0.05914772, -0.03034336],
       [ 0.01896037,  0.04273932,  0.01586653, ..., -0.01970478,
        -0.06231425,  0.07624153],
       [ 0.0667379 ,  0.06773689, -0.06886832, ...,  0.01337435,
         0.04915238,  0.01545498],
       ...,
       [ 0.01131587,  0.08096197, -0.02435829, ..., -0.07787322,
        -0.07643484,  0.07383127],
       [-0.04399639, -0.0197726 ,  0.00752267, ...,  0.01790392,
        -0.00401492, -0.01226406],
       [-0.0494284 , -0.06689822, -0.00604374, ..., -0.06171729,
        -0.01287443,  0.03608245]], dtype=float32), array([-1.0557405e-01, -1.1405745e-01,  1.4319035e-02,  3.0634674e-01,
        2.6000479e-02,  1.4366353e-01,  1.1729514e-01,  6.7985340e-05,
       -2.4845998e-01, -9.2336861e-03, -2.5445246e-03, -6.6145666e-02,
        8.6471401e-02,  2.8209977e-02,  9.9257886e-02,  5.5393334e-02,
       -1.6765718e-01, -3.8470607e-02, -3.0463561e-02,  4.7263894e-02,
        1.2698544e-02,  3.2506354e-02, -1.8994194e-02,  1.6554888e-01,
        1.5066452e-01,  7.3457859e-02, -1.3277180e-01, -7.3504336e-03,
       -2.8431457e-02, -3.0774714e-02,  2.3557180e-01,  1.0610782e-01,
        1.5227987e-01,  1.6169134e-01,  2.1979660e-02,  5.4833714e-02,
        2.2324423e-01, -2.5712445e-02,  1.8811475e-01, -9.1182925e-03,
        1.1594433e-02, -9.4391622e-02, -2.1933852e-02, -4.8931327e-02,
        1.4739501e-01, -7.3102258e-02, -2.7045794e-02, -6.5147397e-03,
        1.1373489e-02, -2.8006826e-02, -7.6244771e-02,  8.4767349e-02,
       -2.4763255e-01, -9.0524182e-02,  5.8848545e-02,  1.4038208e-01,
        2.2194272e-02, -3.4598468e-03,  1.2704195e-01,  4.6774074e-02,
        2.8505923e-02,  9.5173717e-02, -1.3233592e-01, -6.2439002e-02,
       -1.9439542e-01,  1.8264465e-02,  8.9497223e-02,  2.0504703e-01,
       -1.8460475e-01, -3.2723155e-02,  2.6653385e-02,  7.1335085e-02,
       -3.1949509e-02, -5.6044400e-02,  1.7659126e-01, -3.1533677e-02,
        2.6364064e-01, -3.1435594e-03,  7.5275078e-02, -4.3632705e-02,
        1.6722811e-02,  9.5300913e-02,  1.8238291e-01, -2.8864698e-02,
       -8.0553502e-02,  1.4787519e-01,  2.0756169e-01, -1.0982612e-01,
       -1.0809827e-01,  1.3167599e-02, -1.2760176e-01,  1.1459536e-01,
       -1.5530962e-01, -2.4465732e-02, -2.3070065e-02, -1.7486238e-01,
        2.2625384e-01, -1.6702417e-01, -1.1270336e-01,  2.4721602e-02,
       -1.6682130e-01,  1.9428630e-01,  3.5707455e-02, -2.7361443e-02,
       -8.7685987e-02,  9.1318406e-02, -1.1236836e-01,  1.6810401e-01,
        6.4581387e-02,  7.6977961e-02, -1.2544034e-01, -7.9944260e-02,
       -3.1283971e-02, -1.8593454e-01, -1.5938178e-01,  9.2440233e-02,
        9.1087997e-02, -1.8895680e-01,  2.1313111e-01, -2.0368235e-02,
        1.6537572e-01,  1.1295326e-01,  9.7032145e-02,  3.1562362e-02,
       -1.2766430e-01,  1.3403093e-02,  5.9312038e-02, -3.9014794e-02],
      dtype=float32), array([[ 0.12226029, -0.05931131,  0.10931405, ...,  0.09411949,
         0.10114247,  0.16355714],
       [ 0.00975136, -0.8539661 , -0.05121796, ..., -0.08990163,
         0.13110189,  0.0800618 ],
       [-0.8136732 , -0.3562055 ,  0.42954785, ...,  0.6380303 ,
         0.03391376, -0.9190004 ],
       ...,
       [-0.3343358 , -0.15665384,  0.21664996, ..., -0.4269287 ,
        -0.36028743,  0.2699562 ],
       [ 0.33486554, -0.4182958 ,  0.02248872, ...,  0.14601092,
         0.23749942, -0.10705397],
       [-0.7613553 ,  0.43926126,  0.49197683, ...,  0.11208846,
         0.43102393, -0.7794842 ]], dtype=float32), array([-0.0834363 , -0.04250955, -0.187102  , -0.16522677,  0.08949713,
       -0.13529968,  0.07747766, -0.13781798,  0.36751723,  0.12654625],
      dtype=float32)]
2024-08-28 13:14:22,382 - logging_configuration - MainThread - INFO - Loading metrics from json file saved after training
2024-08-28 13:14:22,382 - logging_configuration - MainThread - INFO - Config after training {'loss': 0.04517330229282379, 'accuracy': 0.9854000210762024, 'num_examples': 1}
2024-08-28 13:14:22,382 - flwr - MainThread - INFO - Sent reply
2024-08-28 13:14:22,388 - flwr - MainThread - INFO - 
2024-08-28 13:14:22,388 - flwr - MainThread - INFO - Received: evaluate message fac03c57-481d-4cfc-b167-ecdc27251248
2024-08-28 13:14:22,390 - logging_configuration - MainThread - INFO - Parameters shared by server for evaluate [array([[-0.01711304,  0.05078752, -0.05577146, ..., -0.07276902,
        -0.05914772, -0.03034336],
       [ 0.01896037,  0.04273932,  0.01586653, ..., -0.01970478,
        -0.06231425,  0.07624153],
       [ 0.0667379 ,  0.06773689, -0.06886832, ...,  0.01337435,
         0.04915238,  0.01545498],
       ...,
       [ 0.01131587,  0.08096197, -0.02435829, ..., -0.07787322,
        -0.07643484,  0.07383127],
       [-0.04399639, -0.0197726 ,  0.00752267, ...,  0.01790392,
        -0.00401492, -0.01226406],
       [-0.0494284 , -0.06689822, -0.00604374, ..., -0.06171729,
        -0.01287443,  0.03608245]], dtype=float32), array([-1.0557405e-01, -1.1405745e-01,  1.4319035e-02,  3.0634674e-01,
        2.6000479e-02,  1.4366353e-01,  1.1729514e-01,  6.7985340e-05,
       -2.4845998e-01, -9.2336861e-03, -2.5445246e-03, -6.6145666e-02,
        8.6471401e-02,  2.8209977e-02,  9.9257886e-02,  5.5393334e-02,
       -1.6765718e-01, -3.8470607e-02, -3.0463561e-02,  4.7263894e-02,
        1.2698544e-02,  3.2506354e-02, -1.8994194e-02,  1.6554888e-01,
        1.5066452e-01,  7.3457859e-02, -1.3277180e-01, -7.3504336e-03,
       -2.8431457e-02, -3.0774714e-02,  2.3557180e-01,  1.0610782e-01,
        1.5227987e-01,  1.6169134e-01,  2.1979660e-02,  5.4833714e-02,
        2.2324423e-01, -2.5712445e-02,  1.8811475e-01, -9.1182925e-03,
        1.1594433e-02, -9.4391622e-02, -2.1933852e-02, -4.8931327e-02,
        1.4739501e-01, -7.3102258e-02, -2.7045794e-02, -6.5147397e-03,
        1.1373489e-02, -2.8006826e-02, -7.6244771e-02,  8.4767349e-02,
       -2.4763255e-01, -9.0524182e-02,  5.8848545e-02,  1.4038208e-01,
        2.2194272e-02, -3.4598468e-03,  1.2704195e-01,  4.6774074e-02,
        2.8505923e-02,  9.5173717e-02, -1.3233592e-01, -6.2439002e-02,
       -1.9439542e-01,  1.8264465e-02,  8.9497223e-02,  2.0504703e-01,
       -1.8460475e-01, -3.2723155e-02,  2.6653385e-02,  7.1335085e-02,
       -3.1949509e-02, -5.6044400e-02,  1.7659126e-01, -3.1533677e-02,
        2.6364064e-01, -3.1435594e-03,  7.5275078e-02, -4.3632705e-02,
        1.6722811e-02,  9.5300913e-02,  1.8238291e-01, -2.8864698e-02,
       -8.0553502e-02,  1.4787519e-01,  2.0756169e-01, -1.0982612e-01,
       -1.0809827e-01,  1.3167599e-02, -1.2760176e-01,  1.1459536e-01,
       -1.5530962e-01, -2.4465732e-02, -2.3070065e-02, -1.7486238e-01,
        2.2625384e-01, -1.6702417e-01, -1.1270336e-01,  2.4721602e-02,
       -1.6682130e-01,  1.9428630e-01,  3.5707455e-02, -2.7361443e-02,
       -8.7685987e-02,  9.1318406e-02, -1.1236836e-01,  1.6810401e-01,
        6.4581387e-02,  7.6977961e-02, -1.2544034e-01, -7.9944260e-02,
       -3.1283971e-02, -1.8593454e-01, -1.5938178e-01,  9.2440233e-02,
        9.1087997e-02, -1.8895680e-01,  2.1313111e-01, -2.0368235e-02,
        1.6537572e-01,  1.1295326e-01,  9.7032145e-02,  3.1562362e-02,
       -1.2766430e-01,  1.3403093e-02,  5.9312038e-02, -3.9014794e-02],
      dtype=float32), array([[ 0.12226029, -0.05931131,  0.10931405, ...,  0.09411949,
         0.10114247,  0.16355714],
       [ 0.00975136, -0.8539661 , -0.05121796, ..., -0.08990163,
         0.13110189,  0.0800618 ],
       [-0.8136732 , -0.3562055 ,  0.42954785, ...,  0.6380303 ,
         0.03391376, -0.9190004 ],
       ...,
       [-0.3343358 , -0.15665384,  0.21664996, ..., -0.4269287 ,
        -0.36028743,  0.2699562 ],
       [ 0.33486554, -0.4182958 ,  0.02248872, ...,  0.14601092,
         0.23749942, -0.10705397],
       [-0.7613553 ,  0.43926126,  0.49197683, ...,  0.11208846,
         0.43102393, -0.7794842 ]], dtype=float32), array([-0.0834363 , -0.04250955, -0.187102  , -0.16522677,  0.08949713,
       -0.13529968,  0.07747766, -0.13781798,  0.36751723,  0.12654625],
      dtype=float32)] and config {}
2024-08-28 13:14:22,593 - logging_configuration - MainThread - INFO - Saved the model into model_in and the weights of model are [array([[-0.01711304,  0.05078752, -0.05577146, ..., -0.07276902,
        -0.05914772, -0.03034336],
       [ 0.01896037,  0.04273932,  0.01586653, ..., -0.01970478,
        -0.06231425,  0.07624153],
       [ 0.0667379 ,  0.06773689, -0.06886832, ...,  0.01337435,
         0.04915238,  0.01545498],
       ...,
       [ 0.01131587,  0.08096197, -0.02435829, ..., -0.07787322,
        -0.07643484,  0.07383127],
       [-0.04399639, -0.0197726 ,  0.00752267, ...,  0.01790392,
        -0.00401492, -0.01226406],
       [-0.0494284 , -0.06689822, -0.00604374, ..., -0.06171729,
        -0.01287443,  0.03608245]], dtype=float32), array([-1.0557405e-01, -1.1405745e-01,  1.4319035e-02,  3.0634674e-01,
        2.6000479e-02,  1.4366353e-01,  1.1729514e-01,  6.7985340e-05,
       -2.4845998e-01, -9.2336861e-03, -2.5445246e-03, -6.6145666e-02,
        8.6471401e-02,  2.8209977e-02,  9.9257886e-02,  5.5393334e-02,
       -1.6765718e-01, -3.8470607e-02, -3.0463561e-02,  4.7263894e-02,
        1.2698544e-02,  3.2506354e-02, -1.8994194e-02,  1.6554888e-01,
        1.5066452e-01,  7.3457859e-02, -1.3277180e-01, -7.3504336e-03,
       -2.8431457e-02, -3.0774714e-02,  2.3557180e-01,  1.0610782e-01,
        1.5227987e-01,  1.6169134e-01,  2.1979660e-02,  5.4833714e-02,
        2.2324423e-01, -2.5712445e-02,  1.8811475e-01, -9.1182925e-03,
        1.1594433e-02, -9.4391622e-02, -2.1933852e-02, -4.8931327e-02,
        1.4739501e-01, -7.3102258e-02, -2.7045794e-02, -6.5147397e-03,
        1.1373489e-02, -2.8006826e-02, -7.6244771e-02,  8.4767349e-02,
       -2.4763255e-01, -9.0524182e-02,  5.8848545e-02,  1.4038208e-01,
        2.2194272e-02, -3.4598468e-03,  1.2704195e-01,  4.6774074e-02,
        2.8505923e-02,  9.5173717e-02, -1.3233592e-01, -6.2439002e-02,
       -1.9439542e-01,  1.8264465e-02,  8.9497223e-02,  2.0504703e-01,
       -1.8460475e-01, -3.2723155e-02,  2.6653385e-02,  7.1335085e-02,
       -3.1949509e-02, -5.6044400e-02,  1.7659126e-01, -3.1533677e-02,
        2.6364064e-01, -3.1435594e-03,  7.5275078e-02, -4.3632705e-02,
        1.6722811e-02,  9.5300913e-02,  1.8238291e-01, -2.8864698e-02,
       -8.0553502e-02,  1.4787519e-01,  2.0756169e-01, -1.0982612e-01,
       -1.0809827e-01,  1.3167599e-02, -1.2760176e-01,  1.1459536e-01,
       -1.5530962e-01, -2.4465732e-02, -2.3070065e-02, -1.7486238e-01,
        2.2625384e-01, -1.6702417e-01, -1.1270336e-01,  2.4721602e-02,
       -1.6682130e-01,  1.9428630e-01,  3.5707455e-02, -2.7361443e-02,
       -8.7685987e-02,  9.1318406e-02, -1.1236836e-01,  1.6810401e-01,
        6.4581387e-02,  7.6977961e-02, -1.2544034e-01, -7.9944260e-02,
       -3.1283971e-02, -1.8593454e-01, -1.5938178e-01,  9.2440233e-02,
        9.1087997e-02, -1.8895680e-01,  2.1313111e-01, -2.0368235e-02,
        1.6537572e-01,  1.1295326e-01,  9.7032145e-02,  3.1562362e-02,
       -1.2766430e-01,  1.3403093e-02,  5.9312038e-02, -3.9014794e-02],
      dtype=float32), array([[ 0.12226029, -0.05931131,  0.10931405, ...,  0.09411949,
         0.10114247,  0.16355714],
       [ 0.00975136, -0.8539661 , -0.05121796, ..., -0.08990163,
         0.13110189,  0.0800618 ],
       [-0.8136732 , -0.3562055 ,  0.42954785, ...,  0.6380303 ,
         0.03391376, -0.9190004 ],
       ...,
       [-0.3343358 , -0.15665384,  0.21664996, ..., -0.4269287 ,
        -0.36028743,  0.2699562 ],
       [ 0.33486554, -0.4182958 ,  0.02248872, ...,  0.14601092,
         0.23749942, -0.10705397],
       [-0.7613553 ,  0.43926126,  0.49197683, ...,  0.11208846,
         0.43102393, -0.7794842 ]], dtype=float32), array([-0.0834363 , -0.04250955, -0.187102  , -0.16522677,  0.08949713,
       -0.13529968,  0.07747766, -0.13781798,  0.36751723,  0.12654625],
      dtype=float32)] and parameters [array([[-0.01711304,  0.05078752, -0.05577146, ..., -0.07276902,
        -0.05914772, -0.03034336],
       [ 0.01896037,  0.04273932,  0.01586653, ..., -0.01970478,
        -0.06231425,  0.07624153],
       [ 0.0667379 ,  0.06773689, -0.06886832, ...,  0.01337435,
         0.04915238,  0.01545498],
       ...,
       [ 0.01131587,  0.08096197, -0.02435829, ..., -0.07787322,
        -0.07643484,  0.07383127],
       [-0.04399639, -0.0197726 ,  0.00752267, ...,  0.01790392,
        -0.00401492, -0.01226406],
       [-0.0494284 , -0.06689822, -0.00604374, ..., -0.06171729,
        -0.01287443,  0.03608245]], dtype=float32), array([-1.0557405e-01, -1.1405745e-01,  1.4319035e-02,  3.0634674e-01,
        2.6000479e-02,  1.4366353e-01,  1.1729514e-01,  6.7985340e-05,
       -2.4845998e-01, -9.2336861e-03, -2.5445246e-03, -6.6145666e-02,
        8.6471401e-02,  2.8209977e-02,  9.9257886e-02,  5.5393334e-02,
       -1.6765718e-01, -3.8470607e-02, -3.0463561e-02,  4.7263894e-02,
        1.2698544e-02,  3.2506354e-02, -1.8994194e-02,  1.6554888e-01,
        1.5066452e-01,  7.3457859e-02, -1.3277180e-01, -7.3504336e-03,
       -2.8431457e-02, -3.0774714e-02,  2.3557180e-01,  1.0610782e-01,
        1.5227987e-01,  1.6169134e-01,  2.1979660e-02,  5.4833714e-02,
        2.2324423e-01, -2.5712445e-02,  1.8811475e-01, -9.1182925e-03,
        1.1594433e-02, -9.4391622e-02, -2.1933852e-02, -4.8931327e-02,
        1.4739501e-01, -7.3102258e-02, -2.7045794e-02, -6.5147397e-03,
        1.1373489e-02, -2.8006826e-02, -7.6244771e-02,  8.4767349e-02,
       -2.4763255e-01, -9.0524182e-02,  5.8848545e-02,  1.4038208e-01,
        2.2194272e-02, -3.4598468e-03,  1.2704195e-01,  4.6774074e-02,
        2.8505923e-02,  9.5173717e-02, -1.3233592e-01, -6.2439002e-02,
       -1.9439542e-01,  1.8264465e-02,  8.9497223e-02,  2.0504703e-01,
       -1.8460475e-01, -3.2723155e-02,  2.6653385e-02,  7.1335085e-02,
       -3.1949509e-02, -5.6044400e-02,  1.7659126e-01, -3.1533677e-02,
        2.6364064e-01, -3.1435594e-03,  7.5275078e-02, -4.3632705e-02,
        1.6722811e-02,  9.5300913e-02,  1.8238291e-01, -2.8864698e-02,
       -8.0553502e-02,  1.4787519e-01,  2.0756169e-01, -1.0982612e-01,
       -1.0809827e-01,  1.3167599e-02, -1.2760176e-01,  1.1459536e-01,
       -1.5530962e-01, -2.4465732e-02, -2.3070065e-02, -1.7486238e-01,
        2.2625384e-01, -1.6702417e-01, -1.1270336e-01,  2.4721602e-02,
       -1.6682130e-01,  1.9428630e-01,  3.5707455e-02, -2.7361443e-02,
       -8.7685987e-02,  9.1318406e-02, -1.1236836e-01,  1.6810401e-01,
        6.4581387e-02,  7.6977961e-02, -1.2544034e-01, -7.9944260e-02,
       -3.1283971e-02, -1.8593454e-01, -1.5938178e-01,  9.2440233e-02,
        9.1087997e-02, -1.8895680e-01,  2.1313111e-01, -2.0368235e-02,
        1.6537572e-01,  1.1295326e-01,  9.7032145e-02,  3.1562362e-02,
       -1.2766430e-01,  1.3403093e-02,  5.9312038e-02, -3.9014794e-02],
      dtype=float32), array([[ 0.12226029, -0.05931131,  0.10931405, ...,  0.09411949,
         0.10114247,  0.16355714],
       [ 0.00975136, -0.8539661 , -0.05121796, ..., -0.08990163,
         0.13110189,  0.0800618 ],
       [-0.8136732 , -0.3562055 ,  0.42954785, ...,  0.6380303 ,
         0.03391376, -0.9190004 ],
       ...,
       [-0.3343358 , -0.15665384,  0.21664996, ..., -0.4269287 ,
        -0.36028743,  0.2699562 ],
       [ 0.33486554, -0.4182958 ,  0.02248872, ...,  0.14601092,
         0.23749942, -0.10705397],
       [-0.7613553 ,  0.43926126,  0.49197683, ...,  0.11208846,
         0.43102393, -0.7794842 ]], dtype=float32), array([-0.0834363 , -0.04250955, -0.187102  , -0.16522677,  0.08949713,
       -0.13529968,  0.07747766, -0.13781798,  0.36751723,  0.12654625],
      dtype=float32)]
2024-08-28 13:14:22,593 - logging_configuration - MainThread - INFO - Initiating the evaluate task from mlcube.py
2024-08-28 17:51:14,131 - dev.mnist - MainThread - INFO - Parameters have been read (/home/sunlab/flower/quickstart-mlcube/workspaces/8/parameters/default.parameters.yaml).
2024-08-28 17:51:14,366 - dev.mnist - MainThread - INFO - Dataset has been loaded (/home/sunlab/flower/quickstart-mlcube/workspaces/8/data/mnist.npz).
2024-08-28 17:51:14,452 - dev.mnist - MainThread - INFO - Model has been built.
2024-08-28 17:51:14,455 - dev.mnist - MainThread - INFO - Model has been compiled.
2024-08-28 17:51:24,494 - dev.mnist - MainThread - INFO - Model has been trained.
2024-08-28 17:51:24,707 - dev.mnist - MainThread - INFO - Model has been saved.
2024-08-28 17:51:24,802 - flwr - MainThread - INFO - Sent reply
2024-08-28 17:51:24,806 - flwr - MainThread - INFO - 
2024-08-28 17:51:24,807 - flwr - MainThread - INFO - Received: evaluate message 4d2a7182-2df6-4e39-a713-3738c35b342e
2024-08-28 18:03:45,435 - dev.mnist - MainThread - INFO - Parameters have been read (/home/sunlab/flower/quickstart-mlcube/workspaces/8/parameters/default.parameters.yaml).
2024-08-28 18:03:45,664 - dev.mnist - MainThread - INFO - Dataset has been loaded (/home/sunlab/flower/quickstart-mlcube/workspaces/8/data/mnist.npz).
2024-08-28 18:03:45,838 - dev.mnist - MainThread - INFO - Model has been built.
2024-08-28 18:03:45,841 - dev.mnist - MainThread - INFO - Model has been compiled.
2024-08-28 18:04:22,355 - dev.mnist - MainThread - INFO - Model has been trained.
2024-08-28 18:04:22,907 - dev.mnist - MainThread - INFO - Model has been saved.
2024-08-28 18:04:23,110 - flwr - MainThread - INFO - Sent reply
2024-08-28 18:04:23,120 - flwr - MainThread - INFO - 
2024-08-28 18:04:23,120 - flwr - MainThread - INFO - Received: evaluate message ef1a763e-c5ea-43e2-8c63-595e945098a4
2024-08-28 18:29:41,331 - dev.mnist - MainThread - INFO - Parameters have been read (/home/sunlab/flower/quickstart-mlcube/workspaces/8/parameters/default.parameters.yaml).
2024-08-28 18:29:41,700 - dev.mnist - MainThread - INFO - Dataset has been loaded (/home/sunlab/flower/quickstart-mlcube/workspaces/8/data/mnist.npz).
2024-08-28 18:29:41,977 - dev.mnist - MainThread - INFO - Model has been built.
2024-08-28 18:29:41,980 - dev.mnist - MainThread - INFO - Model has been compiled.
2024-08-28 18:30:29,519 - dev.mnist - MainThread - INFO - Model has been trained.
2024-08-28 18:30:30,234 - dev.mnist - MainThread - INFO - Model has been saved.
2024-08-28 18:30:30,525 - flwr - MainThread - INFO - Sent reply
2024-08-28 18:30:30,535 - flwr - MainThread - INFO - 
2024-08-28 18:30:30,535 - flwr - MainThread - INFO - Received: evaluate message 792126c3-6578-4d3e-93ca-fd47fc7383bb
2024-08-28 18:31:09,338 - dev.mnist - MainThread - INFO - Parameters have been read (/home/sunlab/flower/quickstart-mlcube/workspaces/8/parameters/default.parameters.yaml).
2024-08-28 18:31:09,583 - dev.mnist - MainThread - INFO - Dataset has been loaded (/home/sunlab/flower/quickstart-mlcube/workspaces/8/data/mnist.npz).
2024-08-28 18:31:09,786 - dev.mnist - MainThread - INFO - Model has been built.
2024-08-28 18:31:09,790 - dev.mnist - MainThread - INFO - Model has been compiled.
2024-08-28 18:31:48,171 - dev.mnist - MainThread - INFO - Model has been trained.
2024-08-28 18:31:48,801 - dev.mnist - MainThread - INFO - Model has been saved.
2024-08-28 18:31:49,034 - flwr - MainThread - INFO - Sent reply
2024-08-28 18:31:49,044 - flwr - MainThread - INFO - 
2024-08-28 18:31:49,044 - flwr - MainThread - INFO - Received: evaluate message e0c14ac7-b757-433c-b8bf-0bf5829a574c
2024-08-28 18:43:08,883 - dev.mnist - MainThread - INFO - Parameters have been read (/home/sunlab/flower/quickstart-mlcube/workspaces/8/parameters/default.parameters.yaml).
2024-08-28 18:43:09,103 - dev.mnist - MainThread - INFO - Dataset has been loaded (/home/sunlab/flower/quickstart-mlcube/workspaces/8/data/mnist.npz).
2024-08-28 18:43:09,292 - dev.mnist - MainThread - INFO - Model has been built.
2024-08-28 18:43:09,295 - dev.mnist - MainThread - INFO - Model has been compiled.
2024-08-28 18:43:41,839 - dev.mnist - MainThread - INFO - Model has been trained.
2024-08-28 18:43:42,406 - dev.mnist - MainThread - INFO - Model has been saved.
2024-08-28 18:43:42,614 - flwr - MainThread - INFO - Sent reply
2024-08-28 18:43:42,625 - flwr - MainThread - INFO - 
2024-08-28 18:43:42,625 - flwr - MainThread - INFO - Received: evaluate message f8e0d8b1-a913-43fc-91d2-ab43dbecd0d1
2024-08-28 18:59:49,541 - dev.mnist - MainThread - INFO - Parameters have been read (/home/sunlab/flower/quickstart-mlcube/workspaces/8/parameters/default.parameters.yaml).
2024-08-28 18:59:50,031 - dev.mnist - MainThread - INFO - Dataset has been loaded (/home/sunlab/flower/quickstart-mlcube/workspaces/8/data/mnist.npz).
2024-08-28 18:59:50,120 - dev.mnist - MainThread - INFO - Model has been built.
2024-08-28 18:59:50,123 - dev.mnist - MainThread - INFO - Model has been compiled.
2024-08-28 18:59:53,239 - dev.mnist - MainThread - INFO - Model has been trained.
2024-08-28 18:59:53,464 - dev.mnist - MainThread - INFO - Model has been saved.
2024-08-28 18:59:53,581 - flwr - MainThread - INFO - Sent reply
2024-08-28 18:59:53,586 - flwr - MainThread - INFO - 
2024-08-28 18:59:53,586 - flwr - MainThread - INFO - Received: evaluate message cbdab10c-9831-4987-ba96-98973b8169a3
2024-08-28 19:20:19,377 - dev.mnist - MainThread - INFO - Parameters have been read (/home/sunlab/flower/quickstart-mlcube/workspaces/8/parameters/default.parameters.yaml).
2024-08-28 19:20:19,598 - dev.mnist - MainThread - INFO - Dataset has been loaded (/home/sunlab/flower/quickstart-mlcube/workspaces/8/data/mnist.npz).
2024-08-28 19:20:19,663 - dev.mnist - MainThread - ERROR - Functional._lookup_dependency() takes 2 positional arguments but 3 were given
