2024-08-28 13:00:32,783 - logging_configuration - MainThread - INFO - Download Directory created to store the data /home/sunlab/flower/quickstart-mlcube/workspaces/7/download_logs
2024-08-28 13:00:32,783 - dev.mnist - MainThread - INFO - Starting download task
2024-08-28 13:00:33,149 - dev.mnist - MainThread - INFO - MNIST dataset has been downloaded.
2024-08-28 13:00:33,149 - logging_configuration - MainThread - INFO - Dataset downloaded
2024-08-28 13:00:33,157 - flwr - MainThread - INFO - 
2024-08-28 13:00:33,157 - flwr - MainThread - INFO - Received: train message 1a42a38d-59ac-44b5-989a-7b8af84f9c7f
2024-08-28 13:00:33,159 - logging_configuration - MainThread - INFO - Fit method parameters  or initial parameters shared by server [array([[-0.00429945,  0.03718616,  0.07747044, ...,  0.06264467,
         0.03499427,  0.04883986],
       [ 0.01087835, -0.07549069,  0.04462484, ...,  0.04485322,
         0.00607925, -0.02485232],
       [ 0.06463061,  0.01542297,  0.07942718, ...,  0.05694843,
        -0.01562328,  0.0579802 ],
       ...,
       [-0.04197332, -0.01332952, -0.02758661, ...,  0.01994313,
         0.05854619,  0.08107527],
       [ 0.06264428,  0.0751876 ,  0.02416293, ..., -0.04636437,
         0.05583601,  0.04870933],
       [-0.08102257,  0.08107712, -0.07703151, ...,  0.06882105,
         0.07578892, -0.03447481]], dtype=float32), array([0., 0., 0., 0., 0., 0., 0., 0., 0., 0., 0., 0., 0., 0., 0., 0., 0.,
       0., 0., 0., 0., 0., 0., 0., 0., 0., 0., 0., 0., 0., 0., 0., 0., 0.,
       0., 0., 0., 0., 0., 0., 0., 0., 0., 0., 0., 0., 0., 0., 0., 0., 0.,
       0., 0., 0., 0., 0., 0., 0., 0., 0., 0., 0., 0., 0., 0., 0., 0., 0.,
       0., 0., 0., 0., 0., 0., 0., 0., 0., 0., 0., 0., 0., 0., 0., 0., 0.,
       0., 0., 0., 0., 0., 0., 0., 0., 0., 0., 0., 0., 0., 0., 0., 0., 0.,
       0., 0., 0., 0., 0., 0., 0., 0., 0., 0., 0., 0., 0., 0., 0., 0., 0.,
       0., 0., 0., 0., 0., 0., 0., 0., 0.], dtype=float32), array([[-0.04722404, -0.15428963,  0.0079785 , ...,  0.11515246,
        -0.07613242, -0.18458262],
       [ 0.03812559, -0.20786509, -0.01700249, ...,  0.1767305 ,
        -0.04672442, -0.14842023],
       [ 0.00237672, -0.01018535,  0.14607336, ...,  0.20701306,
        -0.1806206 , -0.146949  ],
       ...,
       [-0.16227698,  0.02301496, -0.20563821, ..., -0.19849734,
         0.1146758 ,  0.08322029],
       [-0.16452697, -0.17276607, -0.18490387, ...,  0.00021333,
        -0.1192872 ,  0.14172335],
       [-0.15430643, -0.11528067, -0.09787147, ..., -0.07106256,
         0.02632977,  0.1955192 ]], dtype=float32), array([0., 0., 0., 0., 0., 0., 0., 0., 0., 0.], dtype=float32)] and config {}
2024-08-28 13:00:33,159 - logging_configuration - MainThread - INFO - Client ID 7
2024-08-28 13:00:33,594 - logging_configuration - MainThread - INFO - Saved the model into model_in and the weights of model are [array([[-0.00429945,  0.03718616,  0.07747044, ...,  0.06264467,
         0.03499427,  0.04883986],
       [ 0.01087835, -0.07549069,  0.04462484, ...,  0.04485322,
         0.00607925, -0.02485232],
       [ 0.06463061,  0.01542297,  0.07942718, ...,  0.05694843,
        -0.01562328,  0.0579802 ],
       ...,
       [-0.04197332, -0.01332952, -0.02758661, ...,  0.01994313,
         0.05854619,  0.08107527],
       [ 0.06264428,  0.0751876 ,  0.02416293, ..., -0.04636437,
         0.05583601,  0.04870933],
       [-0.08102257,  0.08107712, -0.07703151, ...,  0.06882105,
         0.07578892, -0.03447481]], dtype=float32), array([0., 0., 0., 0., 0., 0., 0., 0., 0., 0., 0., 0., 0., 0., 0., 0., 0.,
       0., 0., 0., 0., 0., 0., 0., 0., 0., 0., 0., 0., 0., 0., 0., 0., 0.,
       0., 0., 0., 0., 0., 0., 0., 0., 0., 0., 0., 0., 0., 0., 0., 0., 0.,
       0., 0., 0., 0., 0., 0., 0., 0., 0., 0., 0., 0., 0., 0., 0., 0., 0.,
       0., 0., 0., 0., 0., 0., 0., 0., 0., 0., 0., 0., 0., 0., 0., 0., 0.,
       0., 0., 0., 0., 0., 0., 0., 0., 0., 0., 0., 0., 0., 0., 0., 0., 0.,
       0., 0., 0., 0., 0., 0., 0., 0., 0., 0., 0., 0., 0., 0., 0., 0., 0.,
       0., 0., 0., 0., 0., 0., 0., 0., 0.], dtype=float32), array([[-0.04722404, -0.15428963,  0.0079785 , ...,  0.11515246,
        -0.07613242, -0.18458262],
       [ 0.03812559, -0.20786509, -0.01700249, ...,  0.1767305 ,
        -0.04672442, -0.14842023],
       [ 0.00237672, -0.01018535,  0.14607336, ...,  0.20701306,
        -0.1806206 , -0.146949  ],
       ...,
       [-0.16227698,  0.02301496, -0.20563821, ..., -0.19849734,
         0.1146758 ,  0.08322029],
       [-0.16452697, -0.17276607, -0.18490387, ...,  0.00021333,
        -0.1192872 ,  0.14172335],
       [-0.15430643, -0.11528067, -0.09787147, ..., -0.07106256,
         0.02632977,  0.1955192 ]], dtype=float32), array([0., 0., 0., 0., 0., 0., 0., 0., 0., 0.], dtype=float32)] and parameters [array([[-0.00429945,  0.03718616,  0.07747044, ...,  0.06264467,
         0.03499427,  0.04883986],
       [ 0.01087835, -0.07549069,  0.04462484, ...,  0.04485322,
         0.00607925, -0.02485232],
       [ 0.06463061,  0.01542297,  0.07942718, ...,  0.05694843,
        -0.01562328,  0.0579802 ],
       ...,
       [-0.04197332, -0.01332952, -0.02758661, ...,  0.01994313,
         0.05854619,  0.08107527],
       [ 0.06264428,  0.0751876 ,  0.02416293, ..., -0.04636437,
         0.05583601,  0.04870933],
       [-0.08102257,  0.08107712, -0.07703151, ...,  0.06882105,
         0.07578892, -0.03447481]], dtype=float32), array([0., 0., 0., 0., 0., 0., 0., 0., 0., 0., 0., 0., 0., 0., 0., 0., 0.,
       0., 0., 0., 0., 0., 0., 0., 0., 0., 0., 0., 0., 0., 0., 0., 0., 0.,
       0., 0., 0., 0., 0., 0., 0., 0., 0., 0., 0., 0., 0., 0., 0., 0., 0.,
       0., 0., 0., 0., 0., 0., 0., 0., 0., 0., 0., 0., 0., 0., 0., 0., 0.,
       0., 0., 0., 0., 0., 0., 0., 0., 0., 0., 0., 0., 0., 0., 0., 0., 0.,
       0., 0., 0., 0., 0., 0., 0., 0., 0., 0., 0., 0., 0., 0., 0., 0., 0.,
       0., 0., 0., 0., 0., 0., 0., 0., 0., 0., 0., 0., 0., 0., 0., 0., 0.,
       0., 0., 0., 0., 0., 0., 0., 0., 0.], dtype=float32), array([[-0.04722404, -0.15428963,  0.0079785 , ...,  0.11515246,
        -0.07613242, -0.18458262],
       [ 0.03812559, -0.20786509, -0.01700249, ...,  0.1767305 ,
        -0.04672442, -0.14842023],
       [ 0.00237672, -0.01018535,  0.14607336, ...,  0.20701306,
        -0.1806206 , -0.146949  ],
       ...,
       [-0.16227698,  0.02301496, -0.20563821, ..., -0.19849734,
         0.1146758 ,  0.08322029],
       [-0.16452697, -0.17276607, -0.18490387, ...,  0.00021333,
        -0.1192872 ,  0.14172335],
       [-0.15430643, -0.11528067, -0.09787147, ..., -0.07106256,
         0.02632977,  0.1955192 ]], dtype=float32), array([0., 0., 0., 0., 0., 0., 0., 0., 0., 0.], dtype=float32)]
2024-08-28 13:00:33,594 - logging_configuration - MainThread - INFO - Initiating the training task from mlcube.py
2024-08-28 13:00:33,594 - logging_configuration - MainThread - INFO - Created log dir fot training logs /home/sunlab/flower/quickstart-mlcube/workspaces/7/train_logs
2024-08-28 13:03:24,833 - logging_configuration - MainThread - INFO - Download Directory created to store the data /home/sunlab/flower/quickstart-mlcube/workspaces/7/download_logs
2024-08-28 13:03:24,833 - dev.mnist - MainThread - INFO - Starting download task
2024-08-28 13:03:24,833 - dev.mnist - MainThread - INFO - MNIST data has already been downloaded (file exists: /home/sunlab/flower/quickstart-mlcube/workspaces/7/data/mnist.npz)
2024-08-28 13:03:24,834 - logging_configuration - MainThread - INFO - MNIST file already exists
2024-08-28 13:03:24,841 - flwr - MainThread - INFO - 
2024-08-28 13:03:24,842 - flwr - MainThread - INFO - Received: train message 93ae38c9-4c3f-4f0c-8744-d3e69f49d5cc
2024-08-28 13:03:24,844 - logging_configuration - MainThread - INFO - Fit method parameters  or initial parameters shared by server [array([[ 0.05535493, -0.05606697,  0.02181999, ..., -0.05213145,
         0.06802025,  0.02647131],
       [ 0.01940709, -0.03990561, -0.04670499, ..., -0.06291221,
         0.03403576, -0.03773703],
       [-0.04077602,  0.04941004,  0.01495606, ..., -0.01107526,
        -0.06974843,  0.03682666],
       ...,
       [-0.07289257,  0.01811446,  0.04213729, ...,  0.06708793,
        -0.02565804, -0.07402316],
       [-0.0746064 ,  0.02324765,  0.02888809, ...,  0.04233229,
        -0.03627352, -0.03374226],
       [-0.04110673,  0.02445611, -0.07629646, ..., -0.06411052,
         0.00450277, -0.06458708]], dtype=float32), array([0., 0., 0., 0., 0., 0., 0., 0., 0., 0., 0., 0., 0., 0., 0., 0., 0.,
       0., 0., 0., 0., 0., 0., 0., 0., 0., 0., 0., 0., 0., 0., 0., 0., 0.,
       0., 0., 0., 0., 0., 0., 0., 0., 0., 0., 0., 0., 0., 0., 0., 0., 0.,
       0., 0., 0., 0., 0., 0., 0., 0., 0., 0., 0., 0., 0., 0., 0., 0., 0.,
       0., 0., 0., 0., 0., 0., 0., 0., 0., 0., 0., 0., 0., 0., 0., 0., 0.,
       0., 0., 0., 0., 0., 0., 0., 0., 0., 0., 0., 0., 0., 0., 0., 0., 0.,
       0., 0., 0., 0., 0., 0., 0., 0., 0., 0., 0., 0., 0., 0., 0., 0., 0.,
       0., 0., 0., 0., 0., 0., 0., 0., 0.], dtype=float32), array([[-0.14538044, -0.1808535 , -0.19018686, ...,  0.05310835,
         0.15678059,  0.07387467],
       [ 0.07177766, -0.00989784, -0.13164791, ..., -0.1495203 ,
         0.18104793, -0.0983709 ],
       [ 0.05391224,  0.08566566,  0.14028554, ..., -0.14609686,
         0.11175601,  0.11795343],
       ...,
       [ 0.1981553 , -0.05889185, -0.19783516, ...,  0.04749568,
        -0.20749885, -0.1073921 ],
       [ 0.0817775 ,  0.141923  ,  0.14653613, ..., -0.04864547,
         0.17092691, -0.12872416],
       [ 0.09944083,  0.0963317 , -0.0126866 , ...,  0.1060542 ,
         0.10386054,  0.10964452]], dtype=float32), array([0., 0., 0., 0., 0., 0., 0., 0., 0., 0.], dtype=float32)] and config {}
2024-08-28 13:03:24,844 - logging_configuration - MainThread - INFO - Client ID 7
2024-08-28 13:03:25,270 - logging_configuration - MainThread - INFO - Saved the model into model_in and the weights of model are [array([[ 0.05535493, -0.05606697,  0.02181999, ..., -0.05213145,
         0.06802025,  0.02647131],
       [ 0.01940709, -0.03990561, -0.04670499, ..., -0.06291221,
         0.03403576, -0.03773703],
       [-0.04077602,  0.04941004,  0.01495606, ..., -0.01107526,
        -0.06974843,  0.03682666],
       ...,
       [-0.07289257,  0.01811446,  0.04213729, ...,  0.06708793,
        -0.02565804, -0.07402316],
       [-0.0746064 ,  0.02324765,  0.02888809, ...,  0.04233229,
        -0.03627352, -0.03374226],
       [-0.04110673,  0.02445611, -0.07629646, ..., -0.06411052,
         0.00450277, -0.06458708]], dtype=float32), array([0., 0., 0., 0., 0., 0., 0., 0., 0., 0., 0., 0., 0., 0., 0., 0., 0.,
       0., 0., 0., 0., 0., 0., 0., 0., 0., 0., 0., 0., 0., 0., 0., 0., 0.,
       0., 0., 0., 0., 0., 0., 0., 0., 0., 0., 0., 0., 0., 0., 0., 0., 0.,
       0., 0., 0., 0., 0., 0., 0., 0., 0., 0., 0., 0., 0., 0., 0., 0., 0.,
       0., 0., 0., 0., 0., 0., 0., 0., 0., 0., 0., 0., 0., 0., 0., 0., 0.,
       0., 0., 0., 0., 0., 0., 0., 0., 0., 0., 0., 0., 0., 0., 0., 0., 0.,
       0., 0., 0., 0., 0., 0., 0., 0., 0., 0., 0., 0., 0., 0., 0., 0., 0.,
       0., 0., 0., 0., 0., 0., 0., 0., 0.], dtype=float32), array([[-0.14538044, -0.1808535 , -0.19018686, ...,  0.05310835,
         0.15678059,  0.07387467],
       [ 0.07177766, -0.00989784, -0.13164791, ..., -0.1495203 ,
         0.18104793, -0.0983709 ],
       [ 0.05391224,  0.08566566,  0.14028554, ..., -0.14609686,
         0.11175601,  0.11795343],
       ...,
       [ 0.1981553 , -0.05889185, -0.19783516, ...,  0.04749568,
        -0.20749885, -0.1073921 ],
       [ 0.0817775 ,  0.141923  ,  0.14653613, ..., -0.04864547,
         0.17092691, -0.12872416],
       [ 0.09944083,  0.0963317 , -0.0126866 , ...,  0.1060542 ,
         0.10386054,  0.10964452]], dtype=float32), array([0., 0., 0., 0., 0., 0., 0., 0., 0., 0.], dtype=float32)] and parameters [array([[ 0.05535493, -0.05606697,  0.02181999, ..., -0.05213145,
         0.06802025,  0.02647131],
       [ 0.01940709, -0.03990561, -0.04670499, ..., -0.06291221,
         0.03403576, -0.03773703],
       [-0.04077602,  0.04941004,  0.01495606, ..., -0.01107526,
        -0.06974843,  0.03682666],
       ...,
       [-0.07289257,  0.01811446,  0.04213729, ...,  0.06708793,
        -0.02565804, -0.07402316],
       [-0.0746064 ,  0.02324765,  0.02888809, ...,  0.04233229,
        -0.03627352, -0.03374226],
       [-0.04110673,  0.02445611, -0.07629646, ..., -0.06411052,
         0.00450277, -0.06458708]], dtype=float32), array([0., 0., 0., 0., 0., 0., 0., 0., 0., 0., 0., 0., 0., 0., 0., 0., 0.,
       0., 0., 0., 0., 0., 0., 0., 0., 0., 0., 0., 0., 0., 0., 0., 0., 0.,
       0., 0., 0., 0., 0., 0., 0., 0., 0., 0., 0., 0., 0., 0., 0., 0., 0.,
       0., 0., 0., 0., 0., 0., 0., 0., 0., 0., 0., 0., 0., 0., 0., 0., 0.,
       0., 0., 0., 0., 0., 0., 0., 0., 0., 0., 0., 0., 0., 0., 0., 0., 0.,
       0., 0., 0., 0., 0., 0., 0., 0., 0., 0., 0., 0., 0., 0., 0., 0., 0.,
       0., 0., 0., 0., 0., 0., 0., 0., 0., 0., 0., 0., 0., 0., 0., 0., 0.,
       0., 0., 0., 0., 0., 0., 0., 0., 0.], dtype=float32), array([[-0.14538044, -0.1808535 , -0.19018686, ...,  0.05310835,
         0.15678059,  0.07387467],
       [ 0.07177766, -0.00989784, -0.13164791, ..., -0.1495203 ,
         0.18104793, -0.0983709 ],
       [ 0.05391224,  0.08566566,  0.14028554, ..., -0.14609686,
         0.11175601,  0.11795343],
       ...,
       [ 0.1981553 , -0.05889185, -0.19783516, ...,  0.04749568,
        -0.20749885, -0.1073921 ],
       [ 0.0817775 ,  0.141923  ,  0.14653613, ..., -0.04864547,
         0.17092691, -0.12872416],
       [ 0.09944083,  0.0963317 , -0.0126866 , ...,  0.1060542 ,
         0.10386054,  0.10964452]], dtype=float32), array([0., 0., 0., 0., 0., 0., 0., 0., 0., 0.], dtype=float32)]
2024-08-28 13:03:25,270 - logging_configuration - MainThread - INFO - Initiating the training task from mlcube.py
2024-08-28 13:03:25,270 - logging_configuration - MainThread - INFO - Created log dir fot training logs /home/sunlab/flower/quickstart-mlcube/workspaces/7/train_logs
